Using pre-set license
Built from '2021.3/staging' branch; Version is '2021.3.9f1 (ad3870b89536) revision 11352176'; Using compiler version '192829333'; Build Type 'Release'
OS: 'Windows 10  (10.0.19044) 64bit Core' Language: 'es' Physical Memory: 32600 MB
BatchMode: 1, IsHumanControllingUs: 0, StartBugReporterOnCrash: 0, Is64bit: 1, IsPro: 1

COMMAND LINE ARGUMENTS:
D:\Program Files\Unity\2021.3.9f1\Editor\Unity.exe
-adb2
-batchMode
-noUpm
-name
AssetImportWorker1
-projectPath
D:/Users/denis/Desktop/AR_Template_Zip/AR_Template_Project
-logFile
Logs/AssetImportWorker1.log
-srvPort
50861
Successfully changed project path to: D:/Users/denis/Desktop/AR_Template_Zip/AR_Template_Project
D:/Users/denis/Desktop/AR_Template_Zip/AR_Template_Project
[UnityMemory] Configuration Parameters - Can be set up in boot.config
    "memorysetup-bucket-allocator-granularity=16"
    "memorysetup-bucket-allocator-bucket-count=8"
    "memorysetup-bucket-allocator-block-size=33554432"
    "memorysetup-bucket-allocator-block-count=8"
    "memorysetup-main-allocator-block-size=16777216"
    "memorysetup-thread-allocator-block-size=16777216"
    "memorysetup-gfx-main-allocator-block-size=16777216"
    "memorysetup-gfx-thread-allocator-block-size=16777216"
    "memorysetup-cache-allocator-block-size=4194304"
    "memorysetup-typetree-allocator-block-size=2097152"
    "memorysetup-profiler-bucket-allocator-granularity=16"
    "memorysetup-profiler-bucket-allocator-bucket-count=8"
    "memorysetup-profiler-bucket-allocator-block-size=33554432"
    "memorysetup-profiler-bucket-allocator-block-count=8"
    "memorysetup-profiler-allocator-block-size=16777216"
    "memorysetup-profiler-editor-allocator-block-size=1048576"
    "memorysetup-temp-allocator-size-main=16777216"
    "memorysetup-job-temp-allocator-block-size=2097152"
    "memorysetup-job-temp-allocator-block-size-background=1048576"
    "memorysetup-job-temp-allocator-reduction-small-platforms=262144"
    "memorysetup-temp-allocator-size-background-worker=32768"
    "memorysetup-temp-allocator-size-job-worker=262144"
    "memorysetup-temp-allocator-size-preload-manager=33554432"
    "memorysetup-temp-allocator-size-nav-mesh-worker=65536"
    "memorysetup-temp-allocator-size-audio-worker=65536"
    "memorysetup-temp-allocator-size-cloud-worker=32768"
    "memorysetup-temp-allocator-size-gi-baking-worker=262144"
    "memorysetup-temp-allocator-size-gfx=262144"
Refreshing native plugins compatible for Editor in 89.74 ms, found 4 plugins.
Preloading 0 native plugins for Editor in 0.00 ms.
Initialize engine version: 2021.3.9f1 (ad3870b89536)
[Subsystems] Discovering subsystems at path D:/Program Files/Unity/2021.3.9f1/Editor/Data/Resources/UnitySubsystems
[Subsystems] Discovering subsystems at path D:/Users/denis/Desktop/AR_Template_Zip/AR_Template_Project/Assets
GfxDevice: creating device client; threaded=0; jobified=0
Direct3D:
    Version:  Direct3D 11.0 [level 11.1]
    Renderer: NVIDIA GeForce RTX 3080 (ID=0x2206)
    Vendor:   NVIDIA
    VRAM:     10078 MB
    Driver:   31.0.15.2206
Initialize mono
Mono path[0] = 'D:/Program Files/Unity/2021.3.9f1/Editor/Data/Managed'
Mono path[1] = 'D:/Program Files/Unity/2021.3.9f1/Editor/Data/MonoBleedingEdge/lib/mono/unityjit-win32'
Mono config path = 'D:/Program Files/Unity/2021.3.9f1/Editor/Data/MonoBleedingEdge/etc'
Using monoOptions --debugger-agent=transport=dt_socket,embedding=1,server=y,suspend=n,address=127.0.0.1:56816
Begin MonoManager ReloadAssembly
Registering precompiled unity dll's ...
Register platform support module: D:/Program Files/Unity/2021.3.9f1/Editor/Data/PlaybackEngines/AndroidPlayer/UnityEditor.Android.Extensions.dll
Register platform support module: D:/Program Files/Unity/2021.3.9f1/Editor/Data/PlaybackEngines/WindowsStandaloneSupport/UnityEditor.WindowsStandalone.Extensions.dll
Registered in 0.002097 seconds.
Native extension for WindowsStandalone target not found
Native extension for Android target not found
Refreshing native plugins compatible for Editor in 94.58 ms, found 4 plugins.
Preloading 0 native plugins for Editor in 0.00 ms.
Mono: successfully reloaded assembly
- Completed reload, in  0.494 seconds
Domain Reload Profiling:
	ReloadAssembly (494ms)
		BeginReloadAssembly (54ms)
			ExecutionOrderSort (0ms)
			DisableScriptedObjects (0ms)
			BackupInstance (0ms)
			ReleaseScriptingObjects (0ms)
			CreateAndSetChildDomain (1ms)
		EndReloadAssembly (367ms)
			LoadAssemblies (53ms)
			RebuildTransferFunctionScriptingTraits (0ms)
			SetupTypeCache (75ms)
			ReleaseScriptCaches (0ms)
			RebuildScriptCaches (19ms)
			SetupLoadedEditorAssemblies (240ms)
				LogAssemblyErrors (0ms)
				InitializePlatformSupportModulesInManaged (46ms)
				SetLoadedEditorAssemblies (1ms)
				RefreshPlugins (95ms)
				BeforeProcessingInitializeOnLoad (1ms)
				ProcessInitializeOnLoadAttributes (67ms)
				ProcessInitializeOnLoadMethodAttributes (30ms)
				AfterProcessingInitializeOnLoad (0ms)
				EditorAssembliesLoaded (0ms)
			ExecutionOrderSort2 (0ms)
			AwakeInstancesAfterBackupRestoration (0ms)
Platform modules already initialized, skipping
Registering precompiled user dll's ...
Registered in 0.004304 seconds.
Begin MonoManager ReloadAssembly
Native extension for WindowsStandalone target not found
Native extension for Android target not found
Refreshing native plugins compatible for Editor in 100.49 ms, found 4 plugins.
Preloading 0 native plugins for Editor in 0.00 ms.
Package Manager log level set to [2]
Mono: successfully reloaded assembly
- Completed reload, in  1.106 seconds
Domain Reload Profiling:
	ReloadAssembly (1106ms)
		BeginReloadAssembly (185ms)
			ExecutionOrderSort (0ms)
			DisableScriptedObjects (4ms)
			BackupInstance (0ms)
			ReleaseScriptingObjects (0ms)
			CreateAndSetChildDomain (116ms)
		EndReloadAssembly (841ms)
			LoadAssemblies (74ms)
			RebuildTransferFunctionScriptingTraits (0ms)
			SetupTypeCache (198ms)
			ReleaseScriptCaches (1ms)
			RebuildScriptCaches (49ms)
			SetupLoadedEditorAssemblies (499ms)
				LogAssemblyErrors (0ms)
				InitializePlatformSupportModulesInManaged (9ms)
				SetLoadedEditorAssemblies (0ms)
				RefreshPlugins (101ms)
				BeforeProcessingInitializeOnLoad (98ms)
				ProcessInitializeOnLoadAttributes (221ms)
				ProcessInitializeOnLoadMethodAttributes (68ms)
				AfterProcessingInitializeOnLoad (2ms)
				EditorAssembliesLoaded (0ms)
			ExecutionOrderSort2 (0ms)
			AwakeInstancesAfterBackupRestoration (3ms)
Platform modules already initialized, skipping
========================================================================
Worker process is ready to serve import requests
Launched and connected shader compiler UnityShaderCompiler.exe after 0.03 seconds
Refreshing native plugins compatible for Editor in 0.84 ms, found 4 plugins.
Preloading 0 native plugins for Editor in 0.00 ms.
Unloading 6059 Unused Serialized files (Serialized files now loaded: 0)
Unloading 50 unused Assets / (1.9 MB). Loaded Objects now: 6508.
Memory consumption went from 233.3 MB to 231.4 MB.
Total: 3.816900 ms (FindLiveObjects: 0.349100 ms CreateObjectMapping: 0.182300 ms MarkObjects: 2.653600 ms  DeleteObjects: 0.631400 ms)

AssetImportParameters requested are different than current active one (requested -> active):
  custom:graphics/default-texture-compression-format: 04000000000000000000000000000000 -> 02000000000000000000000000000000
  custom:video-decoder-ogg-theora: a1e56fd34408186e4bbccfd4996cb3dc -> 
  custom:container-muxer-webm: aa71ff27fc2769a1b78a27578f13a17b -> 
  custom:container-demuxer-webm: 4f35f7cbe854078d1ac9338744f61a02 -> 
  custom:video-encoder-webm-vp8: eb34c28f22e8b96e1ab97ce403110664 -> 
  custom:video-codec-MediaFoundation-h265: 746d11721c4dcdbdad8f713fa42b33f4 -> 
  custom:audio-encoder-webm-vorbis: bf7c407c2cedff20999df2af8eb42d56 -> 
  custom:framework-win-MediaFoundation: 216162199b28c13a410421893ffa2e32 -> 
  custom:container-demuxer-ogg: 62fdf1f143b41e24485cea50d1cbac27 -> 
  custom:video-decoder-webm-vp8: 9c59270c3fd7afecdb556c50c9e8de78 -> 
  custom:audio-decoder-ogg-vorbis: bf7c407c2cedff20999df2af8eb42d56 -> 
========================================================================
Received Prepare
Refreshing native plugins compatible for Editor in 4.48 ms, found 4 plugins.
Preloading 0 native plugins for Editor in 0.00 ms.
Unloading 40 Unused Serialized files (Serialized files now loaded: 0)
Unloading 38 unused Assets / (1.8 MB). Loaded Objects now: 6510.
Memory consumption went from 105.7 MB to 103.9 MB.
Total: 4.486500 ms (FindLiveObjects: 0.384900 ms CreateObjectMapping: 0.225100 ms MarkObjects: 3.182800 ms  DeleteObjects: 0.693100 ms)

AssetImportParameters requested are different than current active one (requested -> active):
  custom:video-decoder-ogg-theora: a1e56fd34408186e4bbccfd4996cb3dc -> 
  custom:container-muxer-webm: aa71ff27fc2769a1b78a27578f13a17b -> 
  custom:container-demuxer-webm: 4f35f7cbe854078d1ac9338744f61a02 -> 
  custom:video-encoder-webm-vp8: eb34c28f22e8b96e1ab97ce403110664 -> 
  custom:video-codec-MediaFoundation-h265: 746d11721c4dcdbdad8f713fa42b33f4 -> 
  custom:audio-encoder-webm-vorbis: bf7c407c2cedff20999df2af8eb42d56 -> 
  custom:framework-win-MediaFoundation: 216162199b28c13a410421893ffa2e32 -> 
  custom:container-demuxer-ogg: 62fdf1f143b41e24485cea50d1cbac27 -> 
  custom:video-decoder-webm-vp8: 9c59270c3fd7afecdb556c50c9e8de78 -> 
  custom:audio-decoder-ogg-vorbis: bf7c407c2cedff20999df2af8eb42d56 -> 
========================================================================
Received Import Request.
  Time since last request: 5385.405465 seconds.
  path: Assets/_BasicFaceFilter/Meshes/Props_Cap.fbx
  artifactKey: Guid(813a3f2165172b34ab909405d61a8232) Importer(815301076,1909f56bfc062723c751e8b465ee728b)
Start importing Assets/_BasicFaceFilter/Meshes/Props_Cap.fbx using Guid(813a3f2165172b34ab909405d61a8232) Importer(815301076,1909f56bfc062723c751e8b465ee728b)  -> (artifact id: '503283e13430c08eedf8a3fb2d1ef6da') in 0.640623 seconds 
========================================================================
Received Import Request.
  Time since last request: 0.000036 seconds.
  path: Assets/_BasicFaceFilter/Meshes/Props_GoblinEars.fbx
  artifactKey: Guid(4e9db42a6a996204ab995a95d4b6e807) Importer(815301076,1909f56bfc062723c751e8b465ee728b)
Start importing Assets/_BasicFaceFilter/Meshes/Props_GoblinEars.fbx using Guid(4e9db42a6a996204ab995a95d4b6e807) Importer(815301076,1909f56bfc062723c751e8b465ee728b)  -> (artifact id: 'f7f0046cad895883ada7b449f279d759') in 0.068806 seconds 
========================================================================
Received Import Request.
  Time since last request: 0.000044 seconds.
  path: Assets/_BasicFaceFilter/Meshes/Props_Moustache.fbx
  artifactKey: Guid(1d05351a944bb9b49bd2eb6e458b877d) Importer(815301076,1909f56bfc062723c751e8b465ee728b)
Start importing Assets/_BasicFaceFilter/Meshes/Props_Moustache.fbx using Guid(1d05351a944bb9b49bd2eb6e458b877d) Importer(815301076,1909f56bfc062723c751e8b465ee728b)  -> (artifact id: '6e46b229e685f59ef5d77bb67bb5fcf9') in 0.043110 seconds 
========================================================================
Received Import Request.
  Time since last request: 0.000046 seconds.
  path: Assets/_BasicFaceFilter/Meshes/Props_CatEars.fbx
  artifactKey: Guid(0ec72729885335045b3c3b4cd436f890) Importer(815301076,1909f56bfc062723c751e8b465ee728b)
Start importing Assets/_BasicFaceFilter/Meshes/Props_CatEars.fbx using Guid(0ec72729885335045b3c3b4cd436f890) Importer(815301076,1909f56bfc062723c751e8b465ee728b)  -> (artifact id: '6e0b2cb5bd8c747b8931fb35a674112d') in 0.070053 seconds 
========================================================================
Received Import Request.
  Time since last request: 0.000033 seconds.
  path: Assets/_BasicFaceFilter/Meshes/Props_GrinningTeeth.fbx
  artifactKey: Guid(36662b834ddd5ab45ba40e685e5405e3) Importer(815301076,1909f56bfc062723c751e8b465ee728b)
Start importing Assets/_BasicFaceFilter/Meshes/Props_GrinningTeeth.fbx using Guid(36662b834ddd5ab45ba40e685e5405e3) Importer(815301076,1909f56bfc062723c751e8b465ee728b)  -> (artifact id: '511f58a3ac4a6b8fa844e21fedaf7826') in 0.050370 seconds 
========================================================================
Received Import Request.
  Time since last request: 5.719942 seconds.
  path: Assets/_BasicFaceFilter/Materials/FaceTemplate.mat
  artifactKey: Guid(94bc970bc540594418da619b8dae2df3) Importer(815301076,1909f56bfc062723c751e8b465ee728b)
Start importing Assets/_BasicFaceFilter/Materials/FaceTemplate.mat using Guid(94bc970bc540594418da619b8dae2df3) Importer(815301076,1909f56bfc062723c751e8b465ee728b)  -> (artifact id: 'cd0f290e18bce290299573dbfe1b8fb6') in 0.111604 seconds 
========================================================================
Received Import Request.
  Time since last request: 0.000034 seconds.
  path: Assets/_BasicFaceFilter/Materials/WispySmoke_Particle.mat
  artifactKey: Guid(686180aab404feb46b7ff6943ca78fcf) Importer(815301076,1909f56bfc062723c751e8b465ee728b)
Start importing Assets/_BasicFaceFilter/Materials/WispySmoke_Particle.mat using Guid(686180aab404feb46b7ff6943ca78fcf) Importer(815301076,1909f56bfc062723c751e8b465ee728b)  -> (artifact id: '92e29b544a7be1f408426b5c42862ce7') in 0.118419 seconds 
========================================================================
Received Import Request.
  Time since last request: 0.000064 seconds.
  path: Assets/_BasicFaceFilter/Materials/PropsMaterial.mat
  artifactKey: Guid(233e05d0ec461054eb551774c6d782a3) Importer(815301076,1909f56bfc062723c751e8b465ee728b)
Start importing Assets/_BasicFaceFilter/Materials/PropsMaterial.mat using Guid(233e05d0ec461054eb551774c6d782a3) Importer(815301076,1909f56bfc062723c751e8b465ee728b)  -> (artifact id: '5c54a249f7b74fdf444fafb4cca63fd5') in 0.350785 seconds 
========================================================================
Received Import Request.
  Time since last request: 1.351575 seconds.
  path: Assets/_BasicFaceFilter/Particle Effects/MagicEyes_VFX.prefab
  artifactKey: Guid(3147d486fbcd2a241a70d02eb467ee49) Importer(815301076,1909f56bfc062723c751e8b465ee728b)
Start importing Assets/_BasicFaceFilter/Particle Effects/MagicEyes_VFX.prefab using Guid(3147d486fbcd2a241a70d02eb467ee49) Importer(815301076,1909f56bfc062723c751e8b465ee728b)  -> (artifact id: 'e1af8f3f7d14e4850c96fc0152d6512e') in 0.111228 seconds 
========================================================================
Received Import Request.
  Time since last request: 1.115528 seconds.
  path: Assets/_BasicFaceFilter/Prefabs/Props_CatEars.prefab
  artifactKey: Guid(dec9cb245c0fee64b89e7397e32a289e) Importer(815301076,1909f56bfc062723c751e8b465ee728b)
Start importing Assets/_BasicFaceFilter/Prefabs/Props_CatEars.prefab using Guid(dec9cb245c0fee64b89e7397e32a289e) Importer(815301076,1909f56bfc062723c751e8b465ee728b)  -> (artifact id: 'e3f108d6a088fb38778bf9a1d8b40fed') in 0.050936 seconds 
========================================================================
Received Import Request.
  Time since last request: 0.000060 seconds.
  path: Assets/_BasicFaceFilter/Prefabs/Props_GoblinEars.prefab
  artifactKey: Guid(edc1d60fdecc9b24a86754ea5f76ec3f) Importer(815301076,1909f56bfc062723c751e8b465ee728b)
Start importing Assets/_BasicFaceFilter/Prefabs/Props_GoblinEars.prefab using Guid(edc1d60fdecc9b24a86754ea5f76ec3f) Importer(815301076,1909f56bfc062723c751e8b465ee728b)  -> (artifact id: 'dc959d547a852000faa6f7074918f620') in 0.043488 seconds 
========================================================================
Received Import Request.
  Time since last request: 0.000057 seconds.
  path: Assets/_BasicFaceFilter/Prefabs/Props_Horns.prefab
  artifactKey: Guid(0cf6f8839032dd44da3842a706ab9963) Importer(815301076,1909f56bfc062723c751e8b465ee728b)
Start importing Assets/_BasicFaceFilter/Prefabs/Props_Horns.prefab using Guid(0cf6f8839032dd44da3842a706ab9963) Importer(815301076,1909f56bfc062723c751e8b465ee728b)  -> (artifact id: '3f96821b9c2191a93773c59c5518a901') in 0.070671 seconds 
========================================================================
Received Import Request.
  Time since last request: 0.000076 seconds.
  path: Assets/_BasicFaceFilter/Prefabs/Props_GrinningTeeth.prefab
  artifactKey: Guid(ddbe0a16110c98642ac4050ccca8feab) Importer(815301076,1909f56bfc062723c751e8b465ee728b)
Start importing Assets/_BasicFaceFilter/Prefabs/Props_GrinningTeeth.prefab using Guid(ddbe0a16110c98642ac4050ccca8feab) Importer(815301076,1909f56bfc062723c751e8b465ee728b)  -> (artifact id: '7b6520bcbaa902b2d61629cc5389f208') in 0.064176 seconds 
========================================================================
Received Import Request.
  Time since last request: 0.785711 seconds.
  path: Assets/_BasicFaceFilter/Textures/FaceTexture_Geometrical.png
  artifactKey: Guid(f2589c9f0c873034992741dab405ed67) Importer(815301076,1909f56bfc062723c751e8b465ee728b)
Start importing Assets/_BasicFaceFilter/Textures/FaceTexture_Geometrical.png using Guid(f2589c9f0c873034992741dab405ed67) Importer(815301076,1909f56bfc062723c751e8b465ee728b)  -> (artifact id: '7b5a7e215dd45c0cd50943e0cf2ab9d0') in 0.320605 seconds 
========================================================================
Received Import Request.
  Time since last request: 0.000081 seconds.
  path: Assets/_BasicFaceFilter/Textures/magic_particle.png
  artifactKey: Guid(7947cb81c5a44d44a966dbe3118910cb) Importer(815301076,1909f56bfc062723c751e8b465ee728b)
Start importing Assets/_BasicFaceFilter/Textures/magic_particle.png using Guid(7947cb81c5a44d44a966dbe3118910cb) Importer(815301076,1909f56bfc062723c751e8b465ee728b)  -> (artifact id: '4d03f8e08dfb6d54d21d519d3b120d42') in 0.018777 seconds 
========================================================================
Received Import Request.
  Time since last request: 0.000062 seconds.
  path: Assets/_BasicFaceFilter/Textures/FaceTexture_Waves.png
  artifactKey: Guid(8b395049554bd4f4eb8c2d7b33e77f88) Importer(815301076,1909f56bfc062723c751e8b465ee728b)
Start importing Assets/_BasicFaceFilter/Textures/FaceTexture_Waves.png using Guid(8b395049554bd4f4eb8c2d7b33e77f88) Importer(815301076,1909f56bfc062723c751e8b465ee728b)  -> (artifact id: '574c22b95b28148b40680ac824e3153e') in 0.220549 seconds 
========================================================================
Received Import Request.
  Time since last request: 114.260434 seconds.
  path: Assets/_BasicFaceFilter/Prefabs/AR Default Face.prefab
  artifactKey: Guid(87ff8fca2f6957843ad858255b0ca797) Importer(815301076,1909f56bfc062723c751e8b465ee728b)
Start importing Assets/_BasicFaceFilter/Prefabs/AR Default Face.prefab using Guid(87ff8fca2f6957843ad858255b0ca797) Importer(815301076,1909f56bfc062723c751e8b465ee728b)  -> (artifact id: '8ffa9e6d709cbb98355557661fd3aa83') in 0.007872 seconds 
========================================================================
Received Prepare
Refreshing native plugins compatible for Editor in 4.65 ms, found 4 plugins.
Preloading 0 native plugins for Editor in 0.00 ms.
Unloading 37 Unused Serialized files (Serialized files now loaded: 0)
Unloading 39 unused Assets / (1.8 MB). Loaded Objects now: 6640.
Memory consumption went from 113.5 MB to 111.7 MB.
Total: 5.493800 ms (FindLiveObjects: 0.533000 ms CreateObjectMapping: 0.361300 ms MarkObjects: 3.853500 ms  DeleteObjects: 0.745100 ms)

AssetImportParameters requested are different than current active one (requested -> active):
  custom:video-decoder-ogg-theora: a1e56fd34408186e4bbccfd4996cb3dc -> 
  custom:container-muxer-webm: aa71ff27fc2769a1b78a27578f13a17b -> 
  custom:container-demuxer-webm: 4f35f7cbe854078d1ac9338744f61a02 -> 
  custom:video-encoder-webm-vp8: eb34c28f22e8b96e1ab97ce403110664 -> 
  custom:video-codec-MediaFoundation-h265: 746d11721c4dcdbdad8f713fa42b33f4 -> 
  custom:audio-encoder-webm-vorbis: bf7c407c2cedff20999df2af8eb42d56 -> 
  custom:framework-win-MediaFoundation: 216162199b28c13a410421893ffa2e32 -> 
  custom:container-demuxer-ogg: 62fdf1f143b41e24485cea50d1cbac27 -> 
  custom:video-decoder-webm-vp8: 9c59270c3fd7afecdb556c50c9e8de78 -> 
  custom:audio-decoder-ogg-vorbis: bf7c407c2cedff20999df2af8eb42d56 -> 
========================================================================
Received Import Request.
  Time since last request: 544.544135 seconds.
  path: Assets/_BasicFaceFilter/Materials
  artifactKey: Guid(240aa1ba7d5f0a84980bf9e66734a457) Importer(815301076,1909f56bfc062723c751e8b465ee728b)
Start importing Assets/_BasicFaceFilter/Materials using Guid(240aa1ba7d5f0a84980bf9e66734a457) Importer(815301076,1909f56bfc062723c751e8b465ee728b)  -> (artifact id: 'baf7baec1753187bda25520fab932a8f') in 0.005349 seconds 
========================================================================
Received Import Request.
  Time since last request: 8.649148 seconds.
  path: Assets/_BasicFaceFilter/Materials/Face Debug MAT.mat
  artifactKey: Guid(d5b24823eb2bd0f4990a6c8dc134fa9f) Importer(815301076,1909f56bfc062723c751e8b465ee728b)
Start importing Assets/_BasicFaceFilter/Materials/Face Debug MAT.mat using Guid(d5b24823eb2bd0f4990a6c8dc134fa9f) Importer(815301076,1909f56bfc062723c751e8b465ee728b)  -> (artifact id: 'd48dabc80468044f0d772f15fbad7866') in 0.020493 seconds 
========================================================================
Received Import Request.
  Time since last request: 155.222168 seconds.
  path: Assets/_BasicFaceFilter/Materials/FaceTexture.mat
  artifactKey: Guid(0ed403ffc77bf4f43ae759b21dcc4d9d) Importer(815301076,1909f56bfc062723c751e8b465ee728b)
Start importing Assets/_BasicFaceFilter/Materials/FaceTexture.mat using Guid(0ed403ffc77bf4f43ae759b21dcc4d9d) Importer(815301076,1909f56bfc062723c751e8b465ee728b)  -> (artifact id: '6a31b36093a2efe7890fd80b86f9adfe') in 0.019981 seconds 
========================================================================
Received Prepare
Refreshing native plugins compatible for Editor in 4.86 ms, found 4 plugins.
Preloading 0 native plugins for Editor in 0.00 ms.
Unloading 38 Unused Serialized files (Serialized files now loaded: 0)
Unloading 38 unused Assets / (1.9 MB). Loaded Objects now: 6640.
Memory consumption went from 113.7 MB to 111.8 MB.
Total: 4.978900 ms (FindLiveObjects: 0.408700 ms CreateObjectMapping: 0.249900 ms MarkObjects: 3.560000 ms  DeleteObjects: 0.759500 ms)

AssetImportParameters requested are different than current active one (requested -> active):
  custom:video-decoder-ogg-theora: a1e56fd34408186e4bbccfd4996cb3dc -> 
  custom:container-muxer-webm: aa71ff27fc2769a1b78a27578f13a17b -> 
  custom:container-demuxer-webm: 4f35f7cbe854078d1ac9338744f61a02 -> 
  custom:video-encoder-webm-vp8: eb34c28f22e8b96e1ab97ce403110664 -> 
  custom:video-codec-MediaFoundation-h265: 746d11721c4dcdbdad8f713fa42b33f4 -> 
  custom:audio-encoder-webm-vorbis: bf7c407c2cedff20999df2af8eb42d56 -> 
  custom:framework-win-MediaFoundation: 216162199b28c13a410421893ffa2e32 -> 
  custom:container-demuxer-ogg: 62fdf1f143b41e24485cea50d1cbac27 -> 
  custom:video-decoder-webm-vp8: 9c59270c3fd7afecdb556c50c9e8de78 -> 
  custom:audio-decoder-ogg-vorbis: bf7c407c2cedff20999df2af8eb42d56 -> 
========================================================================
Received Import Request.
  Time since last request: 432.193029 seconds.
  path: Assets/_BasicFaceFilter/Prefabs/AR Default Face.prefab
  artifactKey: Guid(87ff8fca2f6957843ad858255b0ca797) Importer(815301076,1909f56bfc062723c751e8b465ee728b)
Start importing Assets/_BasicFaceFilter/Prefabs/AR Default Face.prefab using Guid(87ff8fca2f6957843ad858255b0ca797) Importer(815301076,1909f56bfc062723c751e8b465ee728b)  -> (artifact id: 'bae73a0fa839f88ccc812b594ba6ce69') in 0.011652 seconds 
========================================================================
Received Import Request.
  Time since last request: 7.969880 seconds.
  path: Assets/_BasicFaceFilter/Prefabs/AR Default Face.prefab
  artifactKey: Guid(87ff8fca2f6957843ad858255b0ca797) Importer(815301076,1909f56bfc062723c751e8b465ee728b)
Start importing Assets/_BasicFaceFilter/Prefabs/AR Default Face.prefab using Guid(87ff8fca2f6957843ad858255b0ca797) Importer(815301076,1909f56bfc062723c751e8b465ee728b)  -> (artifact id: 'bc2aeaa6fb062c09bed59e94553ac3a7') in 0.034707 seconds 
========================================================================
Received Import Request.
  Time since last request: 8.762233 seconds.
  path: Assets/_BasicFaceFilter/Prefabs/AR Default Face.prefab
  artifactKey: Guid(87ff8fca2f6957843ad858255b0ca797) Importer(815301076,1909f56bfc062723c751e8b465ee728b)
Start importing Assets/_BasicFaceFilter/Prefabs/AR Default Face.prefab using Guid(87ff8fca2f6957843ad858255b0ca797) Importer(815301076,1909f56bfc062723c751e8b465ee728b)  -> (artifact id: '63aa16f8eb53ceb7706f660758e184a4') in 0.151060 seconds 
========================================================================
Received Import Request.
  Time since last request: 3.267615 seconds.
  path: Assets/_BasicFaceFilter/Prefabs/AR Default Face.prefab
  artifactKey: Guid(87ff8fca2f6957843ad858255b0ca797) Importer(815301076,1909f56bfc062723c751e8b465ee728b)
Start importing Assets/_BasicFaceFilter/Prefabs/AR Default Face.prefab using Guid(87ff8fca2f6957843ad858255b0ca797) Importer(815301076,1909f56bfc062723c751e8b465ee728b)  -> (artifact id: '924e1abfd1ee63d044c48b15c82fe0d1') in 0.082475 seconds 
========================================================================
Received Import Request.
  Time since last request: 31.037318 seconds.
  path: Assets/_BasicFaceFilter/Prefabs/AR Default Face.prefab
  artifactKey: Guid(87ff8fca2f6957843ad858255b0ca797) Importer(815301076,1909f56bfc062723c751e8b465ee728b)
Start importing Assets/_BasicFaceFilter/Prefabs/AR Default Face.prefab using Guid(87ff8fca2f6957843ad858255b0ca797) Importer(815301076,1909f56bfc062723c751e8b465ee728b)  -> (artifact id: '3f12b35478fccdece92157b61272aa8b') in 0.140576 seconds 
========================================================================
Received Import Request.
  Time since last request: 5.745300 seconds.
  path: Assets/_BasicFaceFilter/Prefabs/AR Default Face.prefab
  artifactKey: Guid(87ff8fca2f6957843ad858255b0ca797) Importer(815301076,1909f56bfc062723c751e8b465ee728b)
Start importing Assets/_BasicFaceFilter/Prefabs/AR Default Face.prefab using Guid(87ff8fca2f6957843ad858255b0ca797) Importer(815301076,1909f56bfc062723c751e8b465ee728b)  -> (artifact id: '59254b8f67569ad608828a973c079686') in 0.073781 seconds 
========================================================================
Received Import Request.
  Time since last request: 6.605793 seconds.
  path: Assets/_BasicFaceFilter/Prefabs/AR Default Face.prefab
  artifactKey: Guid(87ff8fca2f6957843ad858255b0ca797) Importer(815301076,1909f56bfc062723c751e8b465ee728b)
Start importing Assets/_BasicFaceFilter/Prefabs/AR Default Face.prefab using Guid(87ff8fca2f6957843ad858255b0ca797) Importer(815301076,1909f56bfc062723c751e8b465ee728b)  -> (artifact id: '2ea998f84c02cca88f738233b0a57c87') in 0.077553 seconds 
========================================================================
Received Import Request.
  Time since last request: 6.082859 seconds.
  path: Assets/_BasicFaceFilter/Prefabs/AR Default Face.prefab
  artifactKey: Guid(87ff8fca2f6957843ad858255b0ca797) Importer(815301076,1909f56bfc062723c751e8b465ee728b)
Start importing Assets/_BasicFaceFilter/Prefabs/AR Default Face.prefab using Guid(87ff8fca2f6957843ad858255b0ca797) Importer(815301076,1909f56bfc062723c751e8b465ee728b)  -> (artifact id: '9076b5f4dd327ba1eef44b56a9ee851b') in 0.070444 seconds 
========================================================================
Received Prepare
Refreshing native plugins compatible for Editor in 7.87 ms, found 4 plugins.
Preloading 0 native plugins for Editor in 0.00 ms.
Unloading 38 Unused Serialized files (Serialized files now loaded: 0)
Unloading 38 unused Assets / (1.8 MB). Loaded Objects now: 6640.
Memory consumption went from 113.7 MB to 112.0 MB.
Total: 6.365200 ms (FindLiveObjects: 0.998500 ms CreateObjectMapping: 0.696300 ms MarkObjects: 3.821800 ms  DeleteObjects: 0.847300 ms)

AssetImportParameters requested are different than current active one (requested -> active):
  custom:video-decoder-ogg-theora: a1e56fd34408186e4bbccfd4996cb3dc -> 
  custom:container-muxer-webm: aa71ff27fc2769a1b78a27578f13a17b -> 
  custom:container-demuxer-webm: 4f35f7cbe854078d1ac9338744f61a02 -> 
  custom:video-encoder-webm-vp8: eb34c28f22e8b96e1ab97ce403110664 -> 
  custom:video-codec-MediaFoundation-h265: 746d11721c4dcdbdad8f713fa42b33f4 -> 
  custom:audio-encoder-webm-vorbis: bf7c407c2cedff20999df2af8eb42d56 -> 
  custom:framework-win-MediaFoundation: 216162199b28c13a410421893ffa2e32 -> 
  custom:container-demuxer-ogg: 62fdf1f143b41e24485cea50d1cbac27 -> 
  custom:video-decoder-webm-vp8: 9c59270c3fd7afecdb556c50c9e8de78 -> 
  custom:audio-decoder-ogg-vorbis: bf7c407c2cedff20999df2af8eb42d56 -> 
========================================================================
Received Prepare
Refreshing native plugins compatible for Editor in 5.29 ms, found 4 plugins.
Preloading 0 native plugins for Editor in 0.00 ms.
Unloading 38 Unused Serialized files (Serialized files now loaded: 0)
Unloading 38 unused Assets / (1.8 MB). Loaded Objects now: 6640.
Memory consumption went from 113.8 MB to 112.0 MB.
Total: 5.783100 ms (FindLiveObjects: 0.595000 ms CreateObjectMapping: 0.316900 ms MarkObjects: 4.078400 ms  DeleteObjects: 0.791400 ms)

AssetImportParameters requested are different than current active one (requested -> active):
  custom:video-decoder-ogg-theora: a1e56fd34408186e4bbccfd4996cb3dc -> 
  custom:container-muxer-webm: aa71ff27fc2769a1b78a27578f13a17b -> 
  custom:container-demuxer-webm: 4f35f7cbe854078d1ac9338744f61a02 -> 
  custom:video-encoder-webm-vp8: eb34c28f22e8b96e1ab97ce403110664 -> 
  custom:video-codec-MediaFoundation-h265: 746d11721c4dcdbdad8f713fa42b33f4 -> 
  custom:audio-encoder-webm-vorbis: bf7c407c2cedff20999df2af8eb42d56 -> 
  custom:framework-win-MediaFoundation: 216162199b28c13a410421893ffa2e32 -> 
  custom:container-demuxer-ogg: 62fdf1f143b41e24485cea50d1cbac27 -> 
  custom:video-decoder-webm-vp8: 9c59270c3fd7afecdb556c50c9e8de78 -> 
  custom:audio-decoder-ogg-vorbis: bf7c407c2cedff20999df2af8eb42d56 -> 
========================================================================
Received Import Request.
  Time since last request: 326.537174 seconds.
  path: Assets/_BasicFaceFilter/Prefabs/AR Default Face.prefab
  artifactKey: Guid(87ff8fca2f6957843ad858255b0ca797) Importer(815301076,1909f56bfc062723c751e8b465ee728b)
Start importing Assets/_BasicFaceFilter/Prefabs/AR Default Face.prefab using Guid(87ff8fca2f6957843ad858255b0ca797) Importer(815301076,1909f56bfc062723c751e8b465ee728b)  -> (artifact id: '4df9346d89de4bac8b8494373d973bb0') in 0.149898 seconds 
========================================================================
Received Import Request.
  Time since last request: 32.758322 seconds.
  path: Packages/com.unity.render-pipelines.universal/Runtime/Materials/ParticlesUnlit.mat
  artifactKey: Guid(e823cd5b5d27c0f4b8256e7c12ee3e6d) Importer(815301076,1909f56bfc062723c751e8b465ee728b)
Start importing Packages/com.unity.render-pipelines.universal/Runtime/Materials/ParticlesUnlit.mat using Guid(e823cd5b5d27c0f4b8256e7c12ee3e6d) Importer(815301076,1909f56bfc062723c751e8b465ee728b)  -> (artifact id: 'ee4b09988bec40d870dc9887f0aafa1c') in 0.013659 seconds 
========================================================================
Received Prepare
Refreshing native plugins compatible for Editor in 4.90 ms, found 4 plugins.
Preloading 0 native plugins for Editor in 0.00 ms.
Unloading 38 Unused Serialized files (Serialized files now loaded: 0)
Unloading 39 unused Assets / (1.8 MB). Loaded Objects now: 6640.
Memory consumption went from 117.8 MB to 116.0 MB.
Total: 6.206700 ms (FindLiveObjects: 0.437800 ms CreateObjectMapping: 0.246500 ms MarkObjects: 4.120700 ms  DeleteObjects: 1.400500 ms)

AssetImportParameters requested are different than current active one (requested -> active):
  custom:video-decoder-ogg-theora: a1e56fd34408186e4bbccfd4996cb3dc -> 
  custom:container-muxer-webm: aa71ff27fc2769a1b78a27578f13a17b -> 
  custom:container-demuxer-webm: 4f35f7cbe854078d1ac9338744f61a02 -> 
  custom:video-encoder-webm-vp8: eb34c28f22e8b96e1ab97ce403110664 -> 
  custom:video-codec-MediaFoundation-h265: 746d11721c4dcdbdad8f713fa42b33f4 -> 
  custom:audio-encoder-webm-vorbis: bf7c407c2cedff20999df2af8eb42d56 -> 
  custom:framework-win-MediaFoundation: 216162199b28c13a410421893ffa2e32 -> 
  custom:container-demuxer-ogg: 62fdf1f143b41e24485cea50d1cbac27 -> 
  custom:video-decoder-webm-vp8: 9c59270c3fd7afecdb556c50c9e8de78 -> 
  custom:audio-decoder-ogg-vorbis: bf7c407c2cedff20999df2af8eb42d56 -> 
========================================================================
Received Import Request.
  Time since last request: 326.634030 seconds.
  path: Assets/Scenes/AR Face Filter/Global Volume Profile.asset
  artifactKey: Guid(bd7ed4f0c25051845bfc32d2e33f4bce) Importer(815301076,1909f56bfc062723c751e8b465ee728b)
Start importing Assets/Scenes/AR Face Filter/Global Volume Profile.asset using Guid(bd7ed4f0c25051845bfc32d2e33f4bce) Importer(815301076,1909f56bfc062723c751e8b465ee728b)  -> (artifact id: '957d18fcb644d326540f3243fe15a4c6') in 0.011315 seconds 
========================================================================
Received Import Request.
  Time since last request: 15.419734 seconds.
  path: Assets/Scenes/AR Face Filter/Global Volume Profile.asset
  artifactKey: Guid(bd7ed4f0c25051845bfc32d2e33f4bce) Importer(815301076,1909f56bfc062723c751e8b465ee728b)
Start importing Assets/Scenes/AR Face Filter/Global Volume Profile.asset using Guid(bd7ed4f0c25051845bfc32d2e33f4bce) Importer(815301076,1909f56bfc062723c751e8b465ee728b)  -> (artifact id: 'e5ab0f3839f122cb47ca69a6961c6141') in 0.002606 seconds 
========================================================================
Received Import Request.
  Time since last request: 49.466214 seconds.
  path: Assets/Scenes/AR Face Filter/Global Volume Profile.asset
  artifactKey: Guid(bd7ed4f0c25051845bfc32d2e33f4bce) Importer(815301076,1909f56bfc062723c751e8b465ee728b)
Start importing Assets/Scenes/AR Face Filter/Global Volume Profile.asset using Guid(bd7ed4f0c25051845bfc32d2e33f4bce) Importer(815301076,1909f56bfc062723c751e8b465ee728b)  -> (artifact id: '6146e7488cc47fc80ba64c15204259f5') in 0.002737 seconds 
========================================================================
Received Import Request.
  Time since last request: 50.515885 seconds.
  path: Assets/Scenes/AR Face Filter/Global Volume Profile.asset
  artifactKey: Guid(bd7ed4f0c25051845bfc32d2e33f4bce) Importer(815301076,1909f56bfc062723c751e8b465ee728b)
Start importing Assets/Scenes/AR Face Filter/Global Volume Profile.asset using Guid(bd7ed4f0c25051845bfc32d2e33f4bce) Importer(815301076,1909f56bfc062723c751e8b465ee728b)  -> (artifact id: 'bf103c722af3acbb3bd6a4e154e23720') in 0.002270 seconds 
========================================================================
Received Import Request.
  Time since last request: 34.412689 seconds.
  path: Assets/Scenes/AR Face Filter/Global Volume Profile.asset
  artifactKey: Guid(bd7ed4f0c25051845bfc32d2e33f4bce) Importer(815301076,1909f56bfc062723c751e8b465ee728b)
Start importing Assets/Scenes/AR Face Filter/Global Volume Profile.asset using Guid(bd7ed4f0c25051845bfc32d2e33f4bce) Importer(815301076,1909f56bfc062723c751e8b465ee728b)  -> (artifact id: 'c5994daa1eca1cf615a8f4a44ca56bde') in 0.002748 seconds 
========================================================================
Received Import Request.
  Time since last request: 716.035691 seconds.
  path: Assets/Scenes/AR Face Filter/Global Volume Profile.asset
  artifactKey: Guid(bd7ed4f0c25051845bfc32d2e33f4bce) Importer(815301076,1909f56bfc062723c751e8b465ee728b)
Start importing Assets/Scenes/AR Face Filter/Global Volume Profile.asset using Guid(bd7ed4f0c25051845bfc32d2e33f4bce) Importer(815301076,1909f56bfc062723c751e8b465ee728b)  -> (artifact id: '1a88b41db80ec993f2d7b725ae41a64c') in 0.003057 seconds 
========================================================================
Received Import Request.
  Time since last request: 19.476218 seconds.
  path: Assets/Scenes/Ice Cream Filter.unity
  artifactKey: Guid(1cae41257c8ea4e47b176c40aa2df56f) Importer(815301076,1909f56bfc062723c751e8b465ee728b)
Start importing Assets/Scenes/Ice Cream Filter.unity using Guid(1cae41257c8ea4e47b176c40aa2df56f) Importer(815301076,1909f56bfc062723c751e8b465ee728b)  -> (artifact id: 'af9213cf6e6e33fab86b8887d45211a9') in 0.005095 seconds 
========================================================================
Received Import Request.
  Time since last request: 1.033799 seconds.
  path: Assets/Scenes/AR Face Filter.unity
  artifactKey: Guid(d2ce6375592e5714eb6c0cec4805b0fc) Importer(815301076,1909f56bfc062723c751e8b465ee728b)
Start importing Assets/Scenes/AR Face Filter.unity using Guid(d2ce6375592e5714eb6c0cec4805b0fc) Importer(815301076,1909f56bfc062723c751e8b465ee728b)  -> (artifact id: '1c6be0bccdd0ce1707738ed94029eb60') in 0.005958 seconds 
========================================================================
Received Import Request.
  Time since last request: 6.253419 seconds.
  path: Assets/_BasicFaceFilter/Prefabs/AR Default Face.prefab
  artifactKey: Guid(87ff8fca2f6957843ad858255b0ca797) Importer(815301076,1909f56bfc062723c751e8b465ee728b)
Start importing Assets/_BasicFaceFilter/Prefabs/AR Default Face.prefab using Guid(87ff8fca2f6957843ad858255b0ca797) Importer(815301076,1909f56bfc062723c751e8b465ee728b)  -> (artifact id: '55ea62aa45021c2d009d689a22fd74d4') in 0.181209 seconds 
========================================================================
Received Import Request.
  Time since last request: 20.779923 seconds.
  path: Assets/Settings/SampleSceneProfile.asset
  artifactKey: Guid(a6560a915ef98420e9faacc1c7438823) Importer(815301076,1909f56bfc062723c751e8b465ee728b)
Start importing Assets/Settings/SampleSceneProfile.asset using Guid(a6560a915ef98420e9faacc1c7438823) Importer(815301076,1909f56bfc062723c751e8b465ee728b)  -> (artifact id: 'e3662b8154fa16382a607bb1c6d40925') in 0.006370 seconds 
========================================================================
Received Import Request.
  Time since last request: 0.000029 seconds.
  path: Assets/Settings/URP-Performant.asset
  artifactKey: Guid(d0e2fc18fe036412f8223b3b3d9ad574) Importer(815301076,1909f56bfc062723c751e8b465ee728b)
Start importing Assets/Settings/URP-Performant.asset using Guid(d0e2fc18fe036412f8223b3b3d9ad574) Importer(815301076,1909f56bfc062723c751e8b465ee728b)  -> (artifact id: 'cac581da0b73a8adcfac4140c6b351d4') in 0.005083 seconds 
========================================================================
Received Import Request.
  Time since last request: 7.924974 seconds.
  path: Assets/Scenes/Ice Cream Filter.unity
  artifactKey: Guid(1cae41257c8ea4e47b176c40aa2df56f) Importer(815301076,1909f56bfc062723c751e8b465ee728b)
Start importing Assets/Scenes/Ice Cream Filter.unity using Guid(1cae41257c8ea4e47b176c40aa2df56f) Importer(815301076,1909f56bfc062723c751e8b465ee728b)  -> (artifact id: '03ffc9c4b961ed30b3867084a5747d2c') in 0.002588 seconds 
========================================================================
Received Import Request.
  Time since last request: 27.398644 seconds.
  path: Assets/_BasicFaceFilter/Prefabs/AR Ice Cream Face.prefab
  artifactKey: Guid(86c2088922990394aa40f3608effb1b5) Importer(815301076,1909f56bfc062723c751e8b465ee728b)
Start importing Assets/_BasicFaceFilter/Prefabs/AR Ice Cream Face.prefab using Guid(86c2088922990394aa40f3608effb1b5) Importer(815301076,1909f56bfc062723c751e8b465ee728b)  -> (artifact id: '585803b1d32b37c1c6a809b8b1b6ce80') in 0.109881 seconds 
========================================================================
Received Import Request.
  Time since last request: 417.194247 seconds.
  path: Assets/_BasicFaceFilter/Prefabs/AR Ice Cream Face.prefab
  artifactKey: Guid(86c2088922990394aa40f3608effb1b5) Importer(815301076,1909f56bfc062723c751e8b465ee728b)
Start importing Assets/_BasicFaceFilter/Prefabs/AR Ice Cream Face.prefab using Guid(86c2088922990394aa40f3608effb1b5) Importer(815301076,1909f56bfc062723c751e8b465ee728b)  -> (artifact id: '37527d49fc5c023ef87903eb88fd2311') in 0.095980 seconds 
========================================================================
Received Import Request.
  Time since last request: 4.772745 seconds.
  path: Assets/_BasicFaceFilter/Prefabs/AR Ice Cream Face.prefab
  artifactKey: Guid(86c2088922990394aa40f3608effb1b5) Importer(815301076,1909f56bfc062723c751e8b465ee728b)
Start importing Assets/_BasicFaceFilter/Prefabs/AR Ice Cream Face.prefab using Guid(86c2088922990394aa40f3608effb1b5) Importer(815301076,1909f56bfc062723c751e8b465ee728b)  -> (artifact id: 'b167335838b81dac756511e32658819e') in 0.083457 seconds 
========================================================================
Received Import Request.
  Time since last request: 6.630718 seconds.
  path: Assets/_BasicFaceFilter/Prefabs/AR Ice Cream Face.prefab
  artifactKey: Guid(86c2088922990394aa40f3608effb1b5) Importer(815301076,1909f56bfc062723c751e8b465ee728b)
Start importing Assets/_BasicFaceFilter/Prefabs/AR Ice Cream Face.prefab using Guid(86c2088922990394aa40f3608effb1b5) Importer(815301076,1909f56bfc062723c751e8b465ee728b)  -> (artifact id: '1f2ab48b2fa9e7e30be6e111114e5cc8') in 0.093257 seconds 
========================================================================
Received Import Request.
  Time since last request: 1.927307 seconds.
  path: Assets/_BasicFaceFilter/Prefabs/AR Ice Cream Face.prefab
  artifactKey: Guid(86c2088922990394aa40f3608effb1b5) Importer(815301076,1909f56bfc062723c751e8b465ee728b)
Start importing Assets/_BasicFaceFilter/Prefabs/AR Ice Cream Face.prefab using Guid(86c2088922990394aa40f3608effb1b5) Importer(815301076,1909f56bfc062723c751e8b465ee728b)  -> (artifact id: 'dac5d0e3855fe1ba18ba2cb0e5bca99f') in 0.084850 seconds 
========================================================================
Received Import Request.
  Time since last request: 3.345437 seconds.
  path: Assets/_BasicFaceFilter/Prefabs/AR Ice Cream Face.prefab
  artifactKey: Guid(86c2088922990394aa40f3608effb1b5) Importer(815301076,1909f56bfc062723c751e8b465ee728b)
Start importing Assets/_BasicFaceFilter/Prefabs/AR Ice Cream Face.prefab using Guid(86c2088922990394aa40f3608effb1b5) Importer(815301076,1909f56bfc062723c751e8b465ee728b)  -> (artifact id: 'f4da714a7835756c5d0dbf83ce1832bc') in 0.083282 seconds 
========================================================================
Received Import Request.
  Time since last request: 12.375938 seconds.
  path: Assets/_BasicFaceFilter/Prefabs/AR Ice Cream Face.prefab
  artifactKey: Guid(86c2088922990394aa40f3608effb1b5) Importer(815301076,1909f56bfc062723c751e8b465ee728b)
Start importing Assets/_BasicFaceFilter/Prefabs/AR Ice Cream Face.prefab using Guid(86c2088922990394aa40f3608effb1b5) Importer(815301076,1909f56bfc062723c751e8b465ee728b)  -> (artifact id: '73f787b9f445ac10bb7964f237fd811f') in 0.091246 seconds 
========================================================================
Received Import Request.
  Time since last request: 3.074566 seconds.
  path: Packages/com.unity.xr.arfoundation/Assets/Prefabs/Handles.fbx
  artifactKey: Guid(405ff1b6d34178a4a987fc2f6908a1f3) Importer(815301076,1909f56bfc062723c751e8b465ee728b)
Start importing Packages/com.unity.xr.arfoundation/Assets/Prefabs/Handles.fbx using Guid(405ff1b6d34178a4a987fc2f6908a1f3) Importer(815301076,1909f56bfc062723c751e8b465ee728b)  -> (artifact id: '40a8a030974afc2e0dc2fdaa130ecb43') in 0.089261 seconds 
========================================================================
Received Import Request.
  Time since last request: 10.232606 seconds.
  path: Assets/_BasicFaceFilter/Prefabs/AR Ice Cream Face.prefab
  artifactKey: Guid(86c2088922990394aa40f3608effb1b5) Importer(815301076,1909f56bfc062723c751e8b465ee728b)
Start importing Assets/_BasicFaceFilter/Prefabs/AR Ice Cream Face.prefab using Guid(86c2088922990394aa40f3608effb1b5) Importer(815301076,1909f56bfc062723c751e8b465ee728b)  -> (artifact id: 'a6052d869d4b0109ad073d2bd1f968c1') in 0.108968 seconds 
========================================================================
Received Import Request.
  Time since last request: 3.314701 seconds.
  path: Assets/_BasicFaceFilter/Prefabs/AR Ice Cream Face.prefab
  artifactKey: Guid(86c2088922990394aa40f3608effb1b5) Importer(815301076,1909f56bfc062723c751e8b465ee728b)
Start importing Assets/_BasicFaceFilter/Prefabs/AR Ice Cream Face.prefab using Guid(86c2088922990394aa40f3608effb1b5) Importer(815301076,1909f56bfc062723c751e8b465ee728b)  -> (artifact id: '221fb36365429f213ef92b8ddc94efa9') in 0.109246 seconds 
========================================================================
Received Import Request.
  Time since last request: 2.554327 seconds.
  path: Assets/_BasicFaceFilter/Prefabs/AR Ice Cream Face.prefab
  artifactKey: Guid(86c2088922990394aa40f3608effb1b5) Importer(815301076,1909f56bfc062723c751e8b465ee728b)
Start importing Assets/_BasicFaceFilter/Prefabs/AR Ice Cream Face.prefab using Guid(86c2088922990394aa40f3608effb1b5) Importer(815301076,1909f56bfc062723c751e8b465ee728b)  -> (artifact id: 'd9f1b281c9904fb55427a3ede61c53cd') in 0.091582 seconds 
========================================================================
Received Import Request.
  Time since last request: 3.397024 seconds.
  path: Assets/_BasicFaceFilter/Prefabs/AR Ice Cream Face.prefab
  artifactKey: Guid(86c2088922990394aa40f3608effb1b5) Importer(815301076,1909f56bfc062723c751e8b465ee728b)
Start importing Assets/_BasicFaceFilter/Prefabs/AR Ice Cream Face.prefab using Guid(86c2088922990394aa40f3608effb1b5) Importer(815301076,1909f56bfc062723c751e8b465ee728b)  -> (artifact id: '346395b4afae5386fe9ef1f43ee5979a') in 0.087557 seconds 
========================================================================
Received Import Request.
  Time since last request: 4.174886 seconds.
  path: Assets/_BasicFaceFilter/Prefabs/AR Ice Cream Face.prefab
  artifactKey: Guid(86c2088922990394aa40f3608effb1b5) Importer(815301076,1909f56bfc062723c751e8b465ee728b)
Start importing Assets/_BasicFaceFilter/Prefabs/AR Ice Cream Face.prefab using Guid(86c2088922990394aa40f3608effb1b5) Importer(815301076,1909f56bfc062723c751e8b465ee728b)  -> (artifact id: '49c6c29d3a89159271258570cde5c9e1') in 0.085862 seconds 
========================================================================
Received Import Request.
  Time since last request: 1.721559 seconds.
  path: Assets/_BasicFaceFilter/Prefabs/AR Ice Cream Face.prefab
  artifactKey: Guid(86c2088922990394aa40f3608effb1b5) Importer(815301076,1909f56bfc062723c751e8b465ee728b)
Start importing Assets/_BasicFaceFilter/Prefabs/AR Ice Cream Face.prefab using Guid(86c2088922990394aa40f3608effb1b5) Importer(815301076,1909f56bfc062723c751e8b465ee728b)  -> (artifact id: '57c554dd983eb248241600b5b8e6dabd') in 0.083055 seconds 
========================================================================
Received Import Request.
  Time since last request: 17.328205 seconds.
  path: Assets/_BasicFaceFilter/Textures/Waffle Cone.heic
  artifactKey: Guid(0e2e7240c2ba70446a7abbc6d1d22f3b) Importer(815301076,1909f56bfc062723c751e8b465ee728b)
Start importing Assets/_BasicFaceFilter/Textures/Waffle Cone.heic using Guid(0e2e7240c2ba70446a7abbc6d1d22f3b) Importer(815301076,1909f56bfc062723c751e8b465ee728b)  -> (artifact id: 'b35c8e22f6beb42e89acaca8cddefb1d') in 0.007621 seconds 
========================================================================
Received Import Request.
  Time since last request: 61.601251 seconds.
  path: Assets/_BasicFaceFilter/Textures/waffle cone.jpg
  artifactKey: Guid(ca013c0d031ae9e4dacc64355c7b5863) Importer(815301076,1909f56bfc062723c751e8b465ee728b)
Start importing Assets/_BasicFaceFilter/Textures/waffle cone.jpg using Guid(ca013c0d031ae9e4dacc64355c7b5863) Importer(815301076,1909f56bfc062723c751e8b465ee728b)  -> (artifact id: 'fa786275ebce01da01d008ec387cffb7') in 0.039866 seconds 
========================================================================
Received Import Request.
  Time since last request: 1.606724 seconds.
  path: Assets/_BasicFaceFilter/Textures/seamless-pattern-texture-waffle-ice-cream-cone_532782-305.webp
  artifactKey: Guid(95924cc6a10e23c4e863e3697143a5ba) Importer(815301076,1909f56bfc062723c751e8b465ee728b)
Start importing Assets/_BasicFaceFilter/Textures/seamless-pattern-texture-waffle-ice-cream-cone_532782-305.webp using Guid(95924cc6a10e23c4e863e3697143a5ba) Importer(815301076,1909f56bfc062723c751e8b465ee728b)  -> (artifact id: '984a4f08214b9c87da68cb151c8d0c80') in 0.007699 seconds 
========================================================================
Received Import Request.
  Time since last request: 11.966019 seconds.
  path: Assets/_BasicFaceFilter/Materials/Waffle Cone.mat
  artifactKey: Guid(cdd13d9a143a0c3439f31b3c58c512f7) Importer(815301076,1909f56bfc062723c751e8b465ee728b)
Start importing Assets/_BasicFaceFilter/Materials/Waffle Cone.mat using Guid(cdd13d9a143a0c3439f31b3c58c512f7) Importer(815301076,1909f56bfc062723c751e8b465ee728b)  -> (artifact id: '6d8767df33ee8b2087141d524ce9201d') in 0.011636 seconds 
========================================================================
Received Import Request.
  Time since last request: 2.009874 seconds.
  path: Packages/com.unity.inputsystem/InputSystem/Editor/AssetEditor/Resources/pro/actionTreeBackground.png
  artifactKey: Guid(c4b66e31395c54087a2fbc13ae7e0f3c) Importer(815301076,1909f56bfc062723c751e8b465ee728b)
Start importing Packages/com.unity.inputsystem/InputSystem/Editor/AssetEditor/Resources/pro/actionTreeBackground.png using Guid(c4b66e31395c54087a2fbc13ae7e0f3c) Importer(815301076,1909f56bfc062723c751e8b465ee728b)  -> (artifact id: 'bf7ef275748467be1949785281f48238') in 0.013870 seconds 
========================================================================
Received Import Request.
  Time since last request: 0.000041 seconds.
  path: Packages/com.unity.inputsystem/InputSystem/Editor/Icons/Add Binding.png
  artifactKey: Guid(958a10dec4f3a4764bb345b0aa03510b) Importer(815301076,1909f56bfc062723c751e8b465ee728b)
Start importing Packages/com.unity.inputsystem/InputSystem/Editor/Icons/Add Binding.png using Guid(958a10dec4f3a4764bb345b0aa03510b) Importer(815301076,1909f56bfc062723c751e8b465ee728b)  -> (artifact id: '0973f038b09a5a7366217238102dc945') in 0.014453 seconds 
========================================================================
Received Import Request.
  Time since last request: 0.000046 seconds.
  path: Packages/com.unity.xr.arfoundation/Editor/Icons/ARVR@4x.png
  artifactKey: Guid(e7df757aba3e54a11a832b1b8cbe5aaa) Importer(815301076,1909f56bfc062723c751e8b465ee728b)
Start importing Packages/com.unity.xr.arfoundation/Editor/Icons/ARVR@4x.png using Guid(e7df757aba3e54a11a832b1b8cbe5aaa) Importer(815301076,1909f56bfc062723c751e8b465ee728b)  -> (artifact id: '2159d34ca778140d3baf272effb7a700') in 0.013644 seconds 
========================================================================
Received Import Request.
  Time since last request: 0.000049 seconds.
  path: Packages/com.unity.textmeshpro/Editor Resources/Textures/btn_AlignLeft.psd
  artifactKey: Guid(9288066c33474b94b6ee5465f4df1cc0) Importer(815301076,1909f56bfc062723c751e8b465ee728b)
Start importing Packages/com.unity.textmeshpro/Editor Resources/Textures/btn_AlignLeft.psd using Guid(9288066c33474b94b6ee5465f4df1cc0) Importer(815301076,1909f56bfc062723c751e8b465ee728b)  -> (artifact id: '702e879ec41db26a0ea5d562557e18a4') in 0.065858 seconds 
========================================================================
Received Import Request.
  Time since last request: 0.000029 seconds.
  path: Packages/com.unity.inputsystem/InputSystem/Editor/Icons/ChevronDown@2x.png
  artifactKey: Guid(153c8e15f7f6c452ca50f6795813ed39) Importer(815301076,1909f56bfc062723c751e8b465ee728b)
Start importing Packages/com.unity.inputsystem/InputSystem/Editor/Icons/ChevronDown@2x.png using Guid(153c8e15f7f6c452ca50f6795813ed39) Importer(815301076,1909f56bfc062723c751e8b465ee728b)  -> (artifact id: '94277530aa0a411079a920d60c3ad96f') in 0.010934 seconds 
========================================================================
Received Import Request.
  Time since last request: 0.000030 seconds.
  path: Packages/com.unity.xr.arfoundation/Editor/Icons/AddEdit.png
  artifactKey: Guid(29070bec5a5705045bb69c987b6d303b) Importer(815301076,1909f56bfc062723c751e8b465ee728b)
Start importing Packages/com.unity.xr.arfoundation/Editor/Icons/AddEdit.png using Guid(29070bec5a5705045bb69c987b6d303b) Importer(815301076,1909f56bfc062723c751e8b465ee728b)  -> (artifact id: '68d53fa8f54dd4872f7fc648e3ad4c49') in 0.009886 seconds 
========================================================================
Received Import Request.
  Time since last request: 0.000029 seconds.
  path: Packages/com.unity.inputsystem/InputSystem/Editor/Icons/Axis.png
  artifactKey: Guid(7e853779c8fed4ebf917a0de21c79602) Importer(815301076,1909f56bfc062723c751e8b465ee728b)
Start importing Packages/com.unity.inputsystem/InputSystem/Editor/Icons/Axis.png using Guid(7e853779c8fed4ebf917a0de21c79602) Importer(815301076,1909f56bfc062723c751e8b465ee728b)  -> (artifact id: '1c854794972799ceedf54c267e8889fa') in 0.011962 seconds 
========================================================================
Received Import Request.
  Time since last request: 0.000032 seconds.
  path: Packages/com.unity.textmeshpro/Editor Resources/Textures/btn_AlignFlush.psd
  artifactKey: Guid(691475c57a824010be0c6f474caeb7e1) Importer(815301076,1909f56bfc062723c751e8b465ee728b)
Start importing Packages/com.unity.textmeshpro/Editor Resources/Textures/btn_AlignFlush.psd using Guid(691475c57a824010be0c6f474caeb7e1) Importer(815301076,1909f56bfc062723c751e8b465ee728b)  -> (artifact id: '4dee98a8bd69dd012fe066d7f0a46674') in 0.011755 seconds 
========================================================================
Received Import Request.
  Time since last request: 0.000031 seconds.
  path: Packages/com.unity.textmeshpro/Editor Resources/Textures/btn_AlignCenter_Light.psd
  artifactKey: Guid(6ace62d30f494c948b71d5594afce11d) Importer(815301076,1909f56bfc062723c751e8b465ee728b)
Start importing Packages/com.unity.textmeshpro/Editor Resources/Textures/btn_AlignCenter_Light.psd using Guid(6ace62d30f494c948b71d5594afce11d) Importer(815301076,1909f56bfc062723c751e8b465ee728b)  -> (artifact id: '8114b4a35b3a5534cf1f0723febaf831') in 0.011374 seconds 
========================================================================
Received Import Request.
  Time since last request: 0.000028 seconds.
  path: Packages/com.unity.textmeshpro/Editor Resources/Textures/btn_AlignRight.psd
  artifactKey: Guid(342a0f8aca7f4f0691338912faec0494) Importer(815301076,1909f56bfc062723c751e8b465ee728b)
Start importing Packages/com.unity.textmeshpro/Editor Resources/Textures/btn_AlignRight.psd using Guid(342a0f8aca7f4f0691338912faec0494) Importer(815301076,1909f56bfc062723c751e8b465ee728b)  -> (artifact id: '5c562bad77695f53c1b99e089c58aa6f') in 0.011362 seconds 
========================================================================
Received Import Request.
  Time since last request: 0.000026 seconds.
  path: Packages/com.unity.collab-proxy/Editor/PlasticSCM/Assets/Images/buttonssosigninemail@2x.png
  artifactKey: Guid(ddf2e76e8a1f88f46ae1e42277850b48) Importer(815301076,1909f56bfc062723c751e8b465ee728b)
Start importing Packages/com.unity.collab-proxy/Editor/PlasticSCM/Assets/Images/buttonssosigninemail@2x.png using Guid(ddf2e76e8a1f88f46ae1e42277850b48) Importer(815301076,1909f56bfc062723c751e8b465ee728b)  -> (artifact id: '21da88ef9f9919397b1a2355d56a650c') in 0.016648 seconds 
========================================================================
Received Import Request.
  Time since last request: 0.000035 seconds.
  path: Packages/com.unity.inputsystem/InputSystem/Editor/Icons/Axis@4x.png
  artifactKey: Guid(a940917cc397643afb071010cb2143d9) Importer(815301076,1909f56bfc062723c751e8b465ee728b)
Start importing Packages/com.unity.inputsystem/InputSystem/Editor/Icons/Axis@4x.png using Guid(a940917cc397643afb071010cb2143d9) Importer(815301076,1909f56bfc062723c751e8b465ee728b)  -> (artifact id: '76b4c51ebf67db1d4dd2d63a44b412d0') in 0.012423 seconds 
========================================================================
Received Import Request.
  Time since last request: 0.000042 seconds.
  path: Packages/com.unity.xr.arfoundation/Editor/Icons/ArrowCaretLeft.png
  artifactKey: Guid(6be7b41b0e976514cad47f3eb7b2b6a1) Importer(815301076,1909f56bfc062723c751e8b465ee728b)
Start importing Packages/com.unity.xr.arfoundation/Editor/Icons/ArrowCaretLeft.png using Guid(6be7b41b0e976514cad47f3eb7b2b6a1) Importer(815301076,1909f56bfc062723c751e8b465ee728b)  -> (artifact id: 'f4f021529acd52822246b983b3da90be') in 0.013751 seconds 
========================================================================
Received Import Request.
  Time since last request: 0.000034 seconds.
  path: Packages/com.unity.textmeshpro/Editor Resources/Textures/btn_AlignBaseLine.psd
  artifactKey: Guid(8bc445bb79654bf496c92d0407840a92) Importer(815301076,1909f56bfc062723c751e8b465ee728b)
Start importing Packages/com.unity.textmeshpro/Editor Resources/Textures/btn_AlignBaseLine.psd using Guid(8bc445bb79654bf496c92d0407840a92) Importer(815301076,1909f56bfc062723c751e8b465ee728b)  -> (artifact id: '49cdfc48c419a75c67353bbf7be32e02') in 0.011074 seconds 
========================================================================
Received Import Request.
  Time since last request: 0.000035 seconds.
  path: Packages/com.unity.xr.arfoundation/Editor/Icons/AddEdit@2x.png
  artifactKey: Guid(6971cda678a8e3d44a76793c12ba317d) Importer(815301076,1909f56bfc062723c751e8b465ee728b)
Start importing Packages/com.unity.xr.arfoundation/Editor/Icons/AddEdit@2x.png using Guid(6971cda678a8e3d44a76793c12ba317d) Importer(815301076,1909f56bfc062723c751e8b465ee728b)  -> (artifact id: '6054be6432d89cf52293e355ddd7cec6') in 0.011632 seconds 
========================================================================
Received Import Request.
  Time since last request: 0.000022 seconds.
  path: Packages/com.unity.inputsystem/InputSystem/Editor/Icons/ChevronDown.png
  artifactKey: Guid(ba304f5556a3a4fac98d126883083e7e) Importer(815301076,1909f56bfc062723c751e8b465ee728b)
Start importing Packages/com.unity.inputsystem/InputSystem/Editor/Icons/ChevronDown.png using Guid(ba304f5556a3a4fac98d126883083e7e) Importer(815301076,1909f56bfc062723c751e8b465ee728b)  -> (artifact id: '884cd79204e4a65a353aa0696af80d5c') in 0.011319 seconds 
========================================================================
Received Import Request.
  Time since last request: 0.000028 seconds.
  path: Packages/com.unity.textmeshpro/Editor Resources/Textures/btn_AlignBaseLine_Light.psd
  artifactKey: Guid(18775b51e3bd42299fd30bd036ea982f) Importer(815301076,1909f56bfc062723c751e8b465ee728b)
Start importing Packages/com.unity.textmeshpro/Editor Resources/Textures/btn_AlignBaseLine_Light.psd using Guid(18775b51e3bd42299fd30bd036ea982f) Importer(815301076,1909f56bfc062723c751e8b465ee728b)  -> (artifact id: '6cab4b46d77c3bd996aee696fb0625cb') in 0.011012 seconds 
========================================================================
Received Import Request.
  Time since last request: 0.000027 seconds.
  path: Packages/com.unity.inputsystem/InputSystem/Editor/Icons/Button@2x.png
  artifactKey: Guid(1c37f00575bd6494ea726be5afee89b9) Importer(815301076,1909f56bfc062723c751e8b465ee728b)
Start importing Packages/com.unity.inputsystem/InputSystem/Editor/Icons/Button@2x.png using Guid(1c37f00575bd6494ea726be5afee89b9) Importer(815301076,1909f56bfc062723c751e8b465ee728b)  -> (artifact id: '09e0d12be1c634f7fd17f7bedccbb2f0') in 0.012113 seconds 
========================================================================
Received Import Request.
  Time since last request: 0.000027 seconds.
  path: Packages/com.unity.inputsystem/InputSystem/Editor/Icons/Add Binding@3x.png
  artifactKey: Guid(8be1fbf4b24de44c99840805bdae9e40) Importer(815301076,1909f56bfc062723c751e8b465ee728b)
Start importing Packages/com.unity.inputsystem/InputSystem/Editor/Icons/Add Binding@3x.png using Guid(8be1fbf4b24de44c99840805bdae9e40) Importer(815301076,1909f56bfc062723c751e8b465ee728b)  -> (artifact id: '7b1385af160f0d724fc1b455fbe713c5') in 0.013107 seconds 
========================================================================
Received Import Request.
  Time since last request: 0.000028 seconds.
  path: Packages/com.unity.textmeshpro/Editor Resources/Textures/btn_AlignJustified.psd
  artifactKey: Guid(92027f7f8cfc4feaa477da0dc38d3d46) Importer(815301076,1909f56bfc062723c751e8b465ee728b)
Start importing Packages/com.unity.textmeshpro/Editor Resources/Textures/btn_AlignJustified.psd using Guid(92027f7f8cfc4feaa477da0dc38d3d46) Importer(815301076,1909f56bfc062723c751e8b465ee728b)  -> (artifact id: '6296b4e6766864fb1e9210c71632a0c6') in 0.013787 seconds 
========================================================================
Received Import Request.
  Time since last request: 0.000061 seconds.
  path: Packages/com.unity.inputsystem/InputSystem/Editor/Icons/Button.png
  artifactKey: Guid(2a5d0a7febdc741039abf135883517e5) Importer(815301076,1909f56bfc062723c751e8b465ee728b)
Start importing Packages/com.unity.inputsystem/InputSystem/Editor/Icons/Button.png using Guid(2a5d0a7febdc741039abf135883517e5) Importer(815301076,1909f56bfc062723c751e8b465ee728b)  -> (artifact id: '0538dea4a325986b1ecdd76fddb3a462') in 0.012420 seconds 
========================================================================
Received Import Request.
  Time since last request: 0.000037 seconds.
  path: Packages/com.unity.textmeshpro/Editor Resources/Textures/btn_AlignCenterGeo.psd
  artifactKey: Guid(c76700ea0062413d9f69409b4e9e151b) Importer(815301076,1909f56bfc062723c751e8b465ee728b)
Start importing Packages/com.unity.textmeshpro/Editor Resources/Textures/btn_AlignCenterGeo.psd using Guid(c76700ea0062413d9f69409b4e9e151b) Importer(815301076,1909f56bfc062723c751e8b465ee728b)  -> (artifact id: 'b78750801ed766732b9f9c24513a1fea') in 0.010959 seconds 
========================================================================
Received Import Request.
  Time since last request: 0.000027 seconds.
  path: Packages/com.unity.textmeshpro/Editor Resources/Textures/btn_AlignMidLine.psd
  artifactKey: Guid(c2f7f6a88b4c4f20a53deb72f3d9144c) Importer(815301076,1909f56bfc062723c751e8b465ee728b)
Start importing Packages/com.unity.textmeshpro/Editor Resources/Textures/btn_AlignMidLine.psd using Guid(c2f7f6a88b4c4f20a53deb72f3d9144c) Importer(815301076,1909f56bfc062723c751e8b465ee728b)  -> (artifact id: '0f1c1cce8aca268efabe54e57725ce93') in 0.011846 seconds 
========================================================================
Received Import Request.
  Time since last request: 0.000036 seconds.
  path: Packages/com.unity.textmeshpro/Editor Resources/Textures/btn_AlignCenter.psd
  artifactKey: Guid(81ed8c76d2bc4a4c95d092c98af4e58f) Importer(815301076,1909f56bfc062723c751e8b465ee728b)
Start importing Packages/com.unity.textmeshpro/Editor Resources/Textures/btn_AlignCenter.psd using Guid(81ed8c76d2bc4a4c95d092c98af4e58f) Importer(815301076,1909f56bfc062723c751e8b465ee728b)  -> (artifact id: '2f449381c5b657371ded4fda2095ce1a') in 0.011638 seconds 
========================================================================
Received Import Request.
  Time since last request: 0.000026 seconds.
  path: Packages/com.unity.textmeshpro/Editor Resources/Textures/btn_AlignLeft_Light.psd
  artifactKey: Guid(12736c98af174f91827a26b66d2b01b9) Importer(815301076,1909f56bfc062723c751e8b465ee728b)
Start importing Packages/com.unity.textmeshpro/Editor Resources/Textures/btn_AlignLeft_Light.psd using Guid(12736c98af174f91827a26b66d2b01b9) Importer(815301076,1909f56bfc062723c751e8b465ee728b)  -> (artifact id: '90ccebd1bfcdac86cf3382b1234f1a10') in 0.012250 seconds 
========================================================================
Received Import Request.
  Time since last request: 0.000034 seconds.
  path: Packages/com.unity.collab-proxy/Editor/PlasticSCM/Assets/Images/buttonssosigninemail.png
  artifactKey: Guid(d24e7e0b75e1a244bb9687d6fd4315ef) Importer(815301076,1909f56bfc062723c751e8b465ee728b)
Start importing Packages/com.unity.collab-proxy/Editor/PlasticSCM/Assets/Images/buttonssosigninemail.png using Guid(d24e7e0b75e1a244bb9687d6fd4315ef) Importer(815301076,1909f56bfc062723c751e8b465ee728b)  -> (artifact id: 'c8ac7ccfe756dc9cbc65f797ccd358df') in 0.017532 seconds 
========================================================================
Received Import Request.
  Time since last request: 0.000051 seconds.
  path: Packages/com.unity.textmeshpro/Editor Resources/Textures/btn_AlignTop.psd
  artifactKey: Guid(48d034c499ee4697af9dd6e327110249) Importer(815301076,1909f56bfc062723c751e8b465ee728b)
Start importing Packages/com.unity.textmeshpro/Editor Resources/Textures/btn_AlignTop.psd using Guid(48d034c499ee4697af9dd6e327110249) Importer(815301076,1909f56bfc062723c751e8b465ee728b)  -> (artifact id: '261bb9c1079bbed5379947a6959f55f9') in 0.011293 seconds 
========================================================================
Received Import Request.
  Time since last request: 0.000030 seconds.
  path: Packages/com.unity.inputsystem/InputSystem/Editor/AssetEditor/Resources/pro/actionTreeBackgroundWithoutBorder.png
  artifactKey: Guid(943deaaee9c9347e0a455aa208526c42) Importer(815301076,1909f56bfc062723c751e8b465ee728b)
Start importing Packages/com.unity.inputsystem/InputSystem/Editor/AssetEditor/Resources/pro/actionTreeBackgroundWithoutBorder.png using Guid(943deaaee9c9347e0a455aa208526c42) Importer(815301076,1909f56bfc062723c751e8b465ee728b)  -> (artifact id: 'f79c10aa92caf50f14c98e52c4e771e5') in 0.013482 seconds 
========================================================================
Received Import Request.
  Time since last request: 0.000023 seconds.
  path: Packages/com.unity.xr.arfoundation/Editor/Icons/ArrowCaretRight@2x.png
  artifactKey: Guid(d063466193bd7d849a39c4fe3a4291a0) Importer(815301076,1909f56bfc062723c751e8b465ee728b)
Start importing Packages/com.unity.xr.arfoundation/Editor/Icons/ArrowCaretRight@2x.png using Guid(d063466193bd7d849a39c4fe3a4291a0) Importer(815301076,1909f56bfc062723c751e8b465ee728b)  -> (artifact id: '6b566c2af96999d3fc9ea5fd85d2a593') in 0.010719 seconds 
========================================================================
Received Import Request.
  Time since last request: 0.000044 seconds.
  path: Packages/com.unity.textmeshpro/Editor Resources/Textures/btn_AlignMiddle.psd
  artifactKey: Guid(41b96614b2e6494ba995ddcd252d11ae) Importer(815301076,1909f56bfc062723c751e8b465ee728b)
Start importing Packages/com.unity.textmeshpro/Editor Resources/Textures/btn_AlignMiddle.psd using Guid(41b96614b2e6494ba995ddcd252d11ae) Importer(815301076,1909f56bfc062723c751e8b465ee728b)  -> (artifact id: 'a1c64a6aa9e53b3c4043573457214262') in 0.012284 seconds 
========================================================================
Received Import Request.
  Time since last request: 0.000042 seconds.
  path: Packages/com.unity.inputsystem/InputSystem/Editor/Icons/ChevronDown@3x.png
  artifactKey: Guid(985cbca1705a64c80b370afdb30b3ee7) Importer(815301076,1909f56bfc062723c751e8b465ee728b)
Start importing Packages/com.unity.inputsystem/InputSystem/Editor/Icons/ChevronDown@3x.png using Guid(985cbca1705a64c80b370afdb30b3ee7) Importer(815301076,1909f56bfc062723c751e8b465ee728b)  -> (artifact id: '392cb52b9cb318a719d0c12491668803') in 0.011022 seconds 
========================================================================
Received Import Request.
  Time since last request: 0.900482 seconds.
  path: Packages/com.unity.collab-proxy/Editor/Collaborate/Assets/Icons/collaborate-warning-dark.png
  artifactKey: Guid(0e3edcdf6743ba643999fb3882f1cc15) Importer(815301076,1909f56bfc062723c751e8b465ee728b)
Start importing Packages/com.unity.collab-proxy/Editor/Collaborate/Assets/Icons/collaborate-warning-dark.png using Guid(0e3edcdf6743ba643999fb3882f1cc15) Importer(815301076,1909f56bfc062723c751e8b465ee728b)  -> (artifact id: '62d70b99e38508abee9ae39222c8f120') in 0.013656 seconds 
========================================================================
Received Import Request.
  Time since last request: 0.000031 seconds.
  path: Packages/com.unity.inputsystem/InputSystem/Editor/Icons/d_ChevronDown@2x.png
  artifactKey: Guid(0068f400a72d84c92a1b8f5889a574b2) Importer(815301076,1909f56bfc062723c751e8b465ee728b)
Start importing Packages/com.unity.inputsystem/InputSystem/Editor/Icons/d_ChevronDown@2x.png using Guid(0068f400a72d84c92a1b8f5889a574b2) Importer(815301076,1909f56bfc062723c751e8b465ee728b)  -> (artifact id: 'eee8b5019df513f427f03bd7a9a990a1') in 0.009941 seconds 
========================================================================
Received Import Request.
  Time since last request: 0.000028 seconds.
  path: Packages/com.unity.inputsystem/InputSystem/Editor/AssetEditor/Resources/yellow.png
  artifactKey: Guid(47cf506b4219343519083fe1c0b8fc9c) Importer(815301076,1909f56bfc062723c751e8b465ee728b)
Start importing Packages/com.unity.inputsystem/InputSystem/Editor/AssetEditor/Resources/yellow.png using Guid(47cf506b4219343519083fe1c0b8fc9c) Importer(815301076,1909f56bfc062723c751e8b465ee728b)  -> (artifact id: '965eaf860b3e48019dadb2a369ec05ac') in 0.011406 seconds 
========================================================================
Received Import Request.
  Time since last request: 0.000028 seconds.
  path: Packages/com.unity.collab-proxy/Editor/Collaborate/Assets/Icons/status-warning-light.png
  artifactKey: Guid(7f5bfdeb677f0f9439f594f1cf98266a) Importer(815301076,1909f56bfc062723c751e8b465ee728b)
Start importing Packages/com.unity.collab-proxy/Editor/Collaborate/Assets/Icons/status-warning-light.png using Guid(7f5bfdeb677f0f9439f594f1cf98266a) Importer(815301076,1909f56bfc062723c751e8b465ee728b)  -> (artifact id: '2cfc8500c3d28cf2e18786ef536bdd09') in 0.009671 seconds 
========================================================================
Received Import Request.
  Time since last request: 0.000022 seconds.
  path: Packages/com.unity.inputsystem/InputSystem/Editor/Icons/d_ChevronDown.png
  artifactKey: Guid(06ad495fb07444736b59782982d96250) Importer(815301076,1909f56bfc062723c751e8b465ee728b)
Start importing Packages/com.unity.inputsystem/InputSystem/Editor/Icons/d_ChevronDown.png using Guid(06ad495fb07444736b59782982d96250) Importer(815301076,1909f56bfc062723c751e8b465ee728b)  -> (artifact id: '8feb1df3de15cdcffb0a6177963df874') in 0.010924 seconds 
========================================================================
Received Import Request.
  Time since last request: 0.000024 seconds.
  path: Packages/com.unity.collab-proxy/Editor/Collaborate/Assets/Icons/show-light@2x.png
  artifactKey: Guid(d84f7eb154b674f46b833c51f844277e) Importer(815301076,1909f56bfc062723c751e8b465ee728b)
Start importing Packages/com.unity.collab-proxy/Editor/Collaborate/Assets/Icons/show-light@2x.png using Guid(d84f7eb154b674f46b833c51f844277e) Importer(815301076,1909f56bfc062723c751e8b465ee728b)  -> (artifact id: '71db6de4f02e1583d0736475e03d7280') in 0.012810 seconds 
========================================================================
Received Import Request.
  Time since last request: 0.000024 seconds.
  path: Packages/com.unity.timeline/Editor/StyleSheets/Images/Shared/TimelineSwatch.png
  artifactKey: Guid(e50018fd67fc156459e4014bdad3f5f6) Importer(815301076,1909f56bfc062723c751e8b465ee728b)
Start importing Packages/com.unity.timeline/Editor/StyleSheets/Images/Shared/TimelineSwatch.png using Guid(e50018fd67fc156459e4014bdad3f5f6) Importer(815301076,1909f56bfc062723c751e8b465ee728b)  -> (artifact id: '83468481a0fd4c3328420356aa36406f') in 0.013110 seconds 
========================================================================
Received Import Request.
  Time since last request: 0.000030 seconds.
  path: Packages/com.unity.collab-proxy/Editor/PlasticSCM/Assets/Images/iconplasticview.png
  artifactKey: Guid(dcb2ee37925b97e438ae244996d81a55) Importer(815301076,1909f56bfc062723c751e8b465ee728b)
Start importing Packages/com.unity.collab-proxy/Editor/PlasticSCM/Assets/Images/iconplasticview.png using Guid(dcb2ee37925b97e438ae244996d81a55) Importer(815301076,1909f56bfc062723c751e8b465ee728b)  -> (artifact id: '5ad23bca514379a75ff63809a1877e61') in 0.015671 seconds 
========================================================================
Received Import Request.
  Time since last request: 0.000040 seconds.
  path: Packages/com.unity.collab-proxy/Editor/Collaborate/Assets/Icons/show-dark.png
  artifactKey: Guid(849b7119dad13a24397add67a7f78510) Importer(815301076,1909f56bfc062723c751e8b465ee728b)
Start importing Packages/com.unity.collab-proxy/Editor/Collaborate/Assets/Icons/show-dark.png using Guid(849b7119dad13a24397add67a7f78510) Importer(815301076,1909f56bfc062723c751e8b465ee728b)  -> (artifact id: '5b648f690c34a25456019c921f220970') in 0.010655 seconds 
========================================================================
Received Import Request.
  Time since last request: 0.000032 seconds.
  path: Packages/com.unity.xr.arfoundation/Editor/Icons/d_ArrowCaretRight@2x.png
  artifactKey: Guid(c9af5712572b1524e9b536ffbd70a233) Importer(815301076,1909f56bfc062723c751e8b465ee728b)
Start importing Packages/com.unity.xr.arfoundation/Editor/Icons/d_ArrowCaretRight@2x.png using Guid(c9af5712572b1524e9b536ffbd70a233) Importer(815301076,1909f56bfc062723c751e8b465ee728b)  -> (artifact id: '33d1638683312e1d5459c8dad6727be9') in 0.012499 seconds 
========================================================================
Received Import Request.
  Time since last request: 0.000030 seconds.
  path: Packages/com.unity.xr.arfoundation/Assets/Textures/UnityLogoWhiteRGB.png
  artifactKey: Guid(9858b8d6bc5e649ca94c5830ec79be14) Importer(815301076,1909f56bfc062723c751e8b465ee728b)
Start importing Packages/com.unity.xr.arfoundation/Assets/Textures/UnityLogoWhiteRGB.png using Guid(9858b8d6bc5e649ca94c5830ec79be14) Importer(815301076,1909f56bfc062723c751e8b465ee728b)  -> (artifact id: 'a853ecf227575834845ae90e25f4aaa9') in 0.014309 seconds 
========================================================================
Received Import Request.
  Time since last request: 0.000024 seconds.
  path: Packages/com.unity.collab-proxy/Editor/PlasticSCM/Assets/Images/d_iconplasticviewnotify.png
  artifactKey: Guid(df7dbac99fae5444f92b497c52f0ecfb) Importer(815301076,1909f56bfc062723c751e8b465ee728b)
Start importing Packages/com.unity.collab-proxy/Editor/PlasticSCM/Assets/Images/d_iconplasticviewnotify.png using Guid(df7dbac99fae5444f92b497c52f0ecfb) Importer(815301076,1909f56bfc062723c751e8b465ee728b)  -> (artifact id: '8c4c8af9cbc10b85f6b1aa0f00f17df9') in 0.014930 seconds 
========================================================================
Received Import Request.
  Time since last request: 0.000023 seconds.
  path: Packages/com.unity.inputsystem/InputSystem/Editor/Icons/d_ChevronDown@3x.png
  artifactKey: Guid(5d96795fd770f47d69d997b053532730) Importer(815301076,1909f56bfc062723c751e8b465ee728b)
Start importing Packages/com.unity.inputsystem/InputSystem/Editor/Icons/d_ChevronDown@3x.png using Guid(5d96795fd770f47d69d997b053532730) Importer(815301076,1909f56bfc062723c751e8b465ee728b)  -> (artifact id: '62a8a488df1dfeab61136130fa24b19f') in 0.011822 seconds 
========================================================================
Received Import Request.
  Time since last request: 0.000021 seconds.
  path: Packages/com.unity.collab-proxy/Editor/Collaborate/Assets/Icons/status-warning-dark.png
  artifactKey: Guid(c2d8bb87691276f4d93f1b74330d1d90) Importer(815301076,1909f56bfc062723c751e8b465ee728b)
Start importing Packages/com.unity.collab-proxy/Editor/Collaborate/Assets/Icons/status-warning-dark.png using Guid(c2d8bb87691276f4d93f1b74330d1d90) Importer(815301076,1909f56bfc062723c751e8b465ee728b)  -> (artifact id: 'c68c72f5708182b3797841ee4c3de9e0') in 0.011335 seconds 
========================================================================
Received Import Request.
  Time since last request: 0.000034 seconds.
  path: Packages/com.unity.textmeshpro/Editor Resources/Gizmos/TMP - Dropdown Icon.psd
  artifactKey: Guid(a7ec9e7ad8b847b7ae4510af83c5d868) Importer(815301076,1909f56bfc062723c751e8b465ee728b)
Start importing Packages/com.unity.textmeshpro/Editor Resources/Gizmos/TMP - Dropdown Icon.psd using Guid(a7ec9e7ad8b847b7ae4510af83c5d868) Importer(815301076,1909f56bfc062723c751e8b465ee728b)  -> (artifact id: 'd8fa821b2b344333a20b46a8e378cfe5') in 0.011204 seconds 
========================================================================
Received Import Request.
  Time since last request: 0.000023 seconds.
  path: Packages/com.unity.collab-proxy/Editor/PlasticSCM/Assets/Images/iconplasticviewnotify.png
  artifactKey: Guid(fcbb76d583fe7ee4e80e7e47c0593c4a) Importer(815301076,1909f56bfc062723c751e8b465ee728b)
Start importing Packages/com.unity.collab-proxy/Editor/PlasticSCM/Assets/Images/iconplasticviewnotify.png using Guid(fcbb76d583fe7ee4e80e7e47c0593c4a) Importer(815301076,1909f56bfc062723c751e8b465ee728b)  -> (artifact id: 'b13e49083dda2b5f34994ce3002d3518') in 0.014715 seconds 
========================================================================
Received Import Request.
  Time since last request: 0.000033 seconds.
  path: Packages/com.unity.xr.arfoundation/Editor/Icons/d_ArrowCaretRight.png
  artifactKey: Guid(74a4a74438cd46a4f816b9f34fe1e709) Importer(815301076,1909f56bfc062723c751e8b465ee728b)
Start importing Packages/com.unity.xr.arfoundation/Editor/Icons/d_ArrowCaretRight.png using Guid(74a4a74438cd46a4f816b9f34fe1e709) Importer(815301076,1909f56bfc062723c751e8b465ee728b)  -> (artifact id: '8c546cb844d59593d1efc187e825b749') in 0.012793 seconds 
========================================================================
Received Import Request.
  Time since last request: 0.000026 seconds.
  path: Packages/com.unity.timeline/Editor/StyleSheets/Images/DarkSkin/TimelineInfiniteTrackNoShadow.png
  artifactKey: Guid(eae63adb172f1164db61a7f4bdfc3637) Importer(815301076,1909f56bfc062723c751e8b465ee728b)
Start importing Packages/com.unity.timeline/Editor/StyleSheets/Images/DarkSkin/TimelineInfiniteTrackNoShadow.png using Guid(eae63adb172f1164db61a7f4bdfc3637) Importer(815301076,1909f56bfc062723c751e8b465ee728b)  -> (artifact id: 'e4e12f9603eb94279224921a4d182ad1') in 0.010896 seconds 
========================================================================
Received Import Request.
  Time since last request: 0.000027 seconds.
  path: Packages/com.unity.xr.arcore/Tests/Editor/Assets/two.png
  artifactKey: Guid(f9e6c3c24567041519cd7c6b24abb3fb) Importer(815301076,1909f56bfc062723c751e8b465ee728b)
Start importing Packages/com.unity.xr.arcore/Tests/Editor/Assets/two.png using Guid(f9e6c3c24567041519cd7c6b24abb3fb) Importer(815301076,1909f56bfc062723c751e8b465ee728b)  -> (artifact id: '0fbc9108346dd7cc0e27cde39c4f64ac') in 0.013615 seconds 
========================================================================
Received Import Request.
  Time since last request: 0.000027 seconds.
  path: Packages/com.unity.collab-proxy/Editor/Collaborate/Assets/Icons/collaborate-warning-light.png
  artifactKey: Guid(1e80543db0ef9494a9c1777f01e1a4a0) Importer(815301076,1909f56bfc062723c751e8b465ee728b)
Start importing Packages/com.unity.collab-proxy/Editor/Collaborate/Assets/Icons/collaborate-warning-light.png using Guid(1e80543db0ef9494a9c1777f01e1a4a0) Importer(815301076,1909f56bfc062723c751e8b465ee728b)  -> (artifact id: '020e951f991198c22113b991c5883cad') in 0.014887 seconds 
Editor requested this worker to shutdown with reason: Scaling down because of idle timeout
AssetImportWorker is now disconnected from the server
Process exiting
Exiting without the bug reporter. Application will terminate with return code 0