Using pre-set license
Built from '2021.3/staging' branch; Version is '2021.3.9f1 (ad3870b89536) revision 11352176'; Using compiler version '192829333'; Build Type 'Release'
OS: 'Windows 10  (10.0.19044) 64bit Core' Language: 'es' Physical Memory: 32600 MB
BatchMode: 1, IsHumanControllingUs: 0, StartBugReporterOnCrash: 0, Is64bit: 1, IsPro: 1

COMMAND LINE ARGUMENTS:
D:\Program Files\Unity\2021.3.9f1\Editor\Unity.exe
-adb2
-batchMode
-noUpm
-name
AssetImportWorker2
-projectPath
D:/Users/denis/Desktop/AR_Template_Zip/AR_Template_Project
-logFile
Logs/AssetImportWorker2.log
-srvPort
50861
Successfully changed project path to: D:/Users/denis/Desktop/AR_Template_Zip/AR_Template_Project
D:/Users/denis/Desktop/AR_Template_Zip/AR_Template_Project
[UnityMemory] Configuration Parameters - Can be set up in boot.config
    "memorysetup-bucket-allocator-granularity=16"
    "memorysetup-bucket-allocator-bucket-count=8"
    "memorysetup-bucket-allocator-block-size=33554432"
    "memorysetup-bucket-allocator-block-count=8"
    "memorysetup-main-allocator-block-size=16777216"
    "memorysetup-thread-allocator-block-size=16777216"
    "memorysetup-gfx-main-allocator-block-size=16777216"
    "memorysetup-gfx-thread-allocator-block-size=16777216"
    "memorysetup-cache-allocator-block-size=4194304"
    "memorysetup-typetree-allocator-block-size=2097152"
    "memorysetup-profiler-bucket-allocator-granularity=16"
    "memorysetup-profiler-bucket-allocator-bucket-count=8"
    "memorysetup-profiler-bucket-allocator-block-size=33554432"
    "memorysetup-profiler-bucket-allocator-block-count=8"
    "memorysetup-profiler-allocator-block-size=16777216"
    "memorysetup-profiler-editor-allocator-block-size=1048576"
    "memorysetup-temp-allocator-size-main=16777216"
    "memorysetup-job-temp-allocator-block-size=2097152"
    "memorysetup-job-temp-allocator-block-size-background=1048576"
    "memorysetup-job-temp-allocator-reduction-small-platforms=262144"
    "memorysetup-temp-allocator-size-background-worker=32768"
    "memorysetup-temp-allocator-size-job-worker=262144"
    "memorysetup-temp-allocator-size-preload-manager=33554432"
    "memorysetup-temp-allocator-size-nav-mesh-worker=65536"
    "memorysetup-temp-allocator-size-audio-worker=65536"
    "memorysetup-temp-allocator-size-cloud-worker=32768"
    "memorysetup-temp-allocator-size-gi-baking-worker=262144"
    "memorysetup-temp-allocator-size-gfx=262144"
Refreshing native plugins compatible for Editor in 92.98 ms, found 4 plugins.
Preloading 0 native plugins for Editor in 0.00 ms.
Initialize engine version: 2021.3.9f1 (ad3870b89536)
[Subsystems] Discovering subsystems at path D:/Program Files/Unity/2021.3.9f1/Editor/Data/Resources/UnitySubsystems
[Subsystems] Discovering subsystems at path D:/Users/denis/Desktop/AR_Template_Zip/AR_Template_Project/Assets
GfxDevice: creating device client; threaded=0; jobified=0
Direct3D:
    Version:  Direct3D 11.0 [level 11.1]
    Renderer: NVIDIA GeForce RTX 3080 (ID=0x2206)
    Vendor:   NVIDIA
    VRAM:     10078 MB
    Driver:   31.0.15.2206
Initialize mono
Mono path[0] = 'D:/Program Files/Unity/2021.3.9f1/Editor/Data/Managed'
Mono path[1] = 'D:/Program Files/Unity/2021.3.9f1/Editor/Data/MonoBleedingEdge/lib/mono/unityjit-win32'
Mono config path = 'D:/Program Files/Unity/2021.3.9f1/Editor/Data/MonoBleedingEdge/etc'
Using monoOptions --debugger-agent=transport=dt_socket,embedding=1,server=y,suspend=n,address=127.0.0.1:56664
Begin MonoManager ReloadAssembly
Registering precompiled unity dll's ...
Register platform support module: D:/Program Files/Unity/2021.3.9f1/Editor/Data/PlaybackEngines/AndroidPlayer/UnityEditor.Android.Extensions.dll
Register platform support module: D:/Program Files/Unity/2021.3.9f1/Editor/Data/PlaybackEngines/WindowsStandaloneSupport/UnityEditor.WindowsStandalone.Extensions.dll
Registered in 0.002136 seconds.
Native extension for WindowsStandalone target not found
Native extension for Android target not found
Refreshing native plugins compatible for Editor in 91.28 ms, found 4 plugins.
Preloading 0 native plugins for Editor in 0.00 ms.
Mono: successfully reloaded assembly
- Completed reload, in  0.629 seconds
Domain Reload Profiling:
	ReloadAssembly (629ms)
		BeginReloadAssembly (65ms)
			ExecutionOrderSort (0ms)
			DisableScriptedObjects (0ms)
			BackupInstance (0ms)
			ReleaseScriptingObjects (0ms)
			CreateAndSetChildDomain (1ms)
		EndReloadAssembly (432ms)
			LoadAssemblies (66ms)
			RebuildTransferFunctionScriptingTraits (0ms)
			SetupTypeCache (143ms)
			ReleaseScriptCaches (0ms)
			RebuildScriptCaches (19ms)
			SetupLoadedEditorAssemblies (234ms)
				LogAssemblyErrors (0ms)
				InitializePlatformSupportModulesInManaged (40ms)
				SetLoadedEditorAssemblies (1ms)
				RefreshPlugins (91ms)
				BeforeProcessingInitializeOnLoad (1ms)
				ProcessInitializeOnLoadAttributes (68ms)
				ProcessInitializeOnLoadMethodAttributes (33ms)
				AfterProcessingInitializeOnLoad (0ms)
				EditorAssembliesLoaded (0ms)
			ExecutionOrderSort2 (0ms)
			AwakeInstancesAfterBackupRestoration (0ms)
Platform modules already initialized, skipping
Registering precompiled user dll's ...
Registered in 0.004537 seconds.
Begin MonoManager ReloadAssembly
Native extension for WindowsStandalone target not found
Native extension for Android target not found
Refreshing native plugins compatible for Editor in 91.01 ms, found 4 plugins.
Preloading 0 native plugins for Editor in 0.00 ms.
Package Manager log level set to [2]
Mono: successfully reloaded assembly
- Completed reload, in  1.156 seconds
Domain Reload Profiling:
	ReloadAssembly (1156ms)
		BeginReloadAssembly (197ms)
			ExecutionOrderSort (0ms)
			DisableScriptedObjects (5ms)
			BackupInstance (0ms)
			ReleaseScriptingObjects (0ms)
			CreateAndSetChildDomain (130ms)
		EndReloadAssembly (879ms)
			LoadAssemblies (81ms)
			RebuildTransferFunctionScriptingTraits (0ms)
			SetupTypeCache (222ms)
			ReleaseScriptCaches (1ms)
			RebuildScriptCaches (50ms)
			SetupLoadedEditorAssemblies (498ms)
				LogAssemblyErrors (0ms)
				InitializePlatformSupportModulesInManaged (10ms)
				SetLoadedEditorAssemblies (0ms)
				RefreshPlugins (91ms)
				BeforeProcessingInitializeOnLoad (92ms)
				ProcessInitializeOnLoadAttributes (235ms)
				ProcessInitializeOnLoadMethodAttributes (68ms)
				AfterProcessingInitializeOnLoad (2ms)
				EditorAssembliesLoaded (0ms)
			ExecutionOrderSort2 (0ms)
			AwakeInstancesAfterBackupRestoration (4ms)
Platform modules already initialized, skipping
========================================================================
Worker process is ready to serve import requests
Launched and connected shader compiler UnityShaderCompiler.exe after 0.03 seconds
Refreshing native plugins compatible for Editor in 1.71 ms, found 4 plugins.
Preloading 0 native plugins for Editor in 0.00 ms.
Unloading 6059 Unused Serialized files (Serialized files now loaded: 0)
Unloading 50 unused Assets / (1.8 MB). Loaded Objects now: 6510.
Memory consumption went from 233.7 MB to 231.9 MB.
Total: 6.820800 ms (FindLiveObjects: 0.626100 ms CreateObjectMapping: 0.514700 ms MarkObjects: 4.392500 ms  DeleteObjects: 1.286100 ms)

AssetImportParameters requested are different than current active one (requested -> active):
  custom:video-decoder-ogg-theora: a1e56fd34408186e4bbccfd4996cb3dc -> 
  custom:container-muxer-webm: aa71ff27fc2769a1b78a27578f13a17b -> 
  custom:container-demuxer-webm: 4f35f7cbe854078d1ac9338744f61a02 -> 
  custom:video-encoder-webm-vp8: eb34c28f22e8b96e1ab97ce403110664 -> 
  custom:video-codec-MediaFoundation-h265: 746d11721c4dcdbdad8f713fa42b33f4 -> 
  custom:audio-encoder-webm-vorbis: bf7c407c2cedff20999df2af8eb42d56 -> 
  custom:framework-win-MediaFoundation: 216162199b28c13a410421893ffa2e32 -> 
  custom:container-demuxer-ogg: 62fdf1f143b41e24485cea50d1cbac27 -> 
  custom:video-decoder-webm-vp8: 9c59270c3fd7afecdb556c50c9e8de78 -> 
  custom:audio-decoder-ogg-vorbis: bf7c407c2cedff20999df2af8eb42d56 -> 
========================================================================
Received Import Request.
  Time since last request: 5392.047723 seconds.
  path: Assets/_BasicFaceFilter/Materials/Cloud_Particle.mat
  artifactKey: Guid(55852932b97324f479e960c23d816495) Importer(815301076,1909f56bfc062723c751e8b465ee728b)
Start importing Assets/_BasicFaceFilter/Materials/Cloud_Particle.mat using Guid(55852932b97324f479e960c23d816495) Importer(815301076,1909f56bfc062723c751e8b465ee728b)  -> (artifact id: 'ccfb860315423e4dfe319f72a3de24c4') in 0.417108 seconds 
========================================================================
Received Import Request.
  Time since last request: 0.000049 seconds.
  path: Assets/_BasicFaceFilter/Materials/Star_Particle.mat
  artifactKey: Guid(a115bbd745b7bca4c84cbce25ee53f79) Importer(815301076,1909f56bfc062723c751e8b465ee728b)
Start importing Assets/_BasicFaceFilter/Materials/Star_Particle.mat using Guid(a115bbd745b7bca4c84cbce25ee53f79) Importer(815301076,1909f56bfc062723c751e8b465ee728b)  -> (artifact id: 'ad033d5c974d19205bd381f14bd53f55') in 0.205202 seconds 
========================================================================
Received Import Request.
  Time since last request: 1.320496 seconds.
  path: Assets/_BasicFaceFilter/Particle Effects/Dizzy_VFX.prefab
  artifactKey: Guid(5c1f8d39f6972a24080af43123248bff) Importer(815301076,1909f56bfc062723c751e8b465ee728b)
Start importing Assets/_BasicFaceFilter/Particle Effects/Dizzy_VFX.prefab using Guid(5c1f8d39f6972a24080af43123248bff) Importer(815301076,1909f56bfc062723c751e8b465ee728b)  -> (artifact id: 'a53e9dd95851c276b93ce7082fa7a2c9') in 0.047891 seconds 
========================================================================
Received Import Request.
  Time since last request: 0.000054 seconds.
  path: Assets/_BasicFaceFilter/Particle Effects/Steam_VFX.prefab
  artifactKey: Guid(f04cdeaaa80365048987028f2374f4cf) Importer(815301076,1909f56bfc062723c751e8b465ee728b)
Start importing Assets/_BasicFaceFilter/Particle Effects/Steam_VFX.prefab using Guid(f04cdeaaa80365048987028f2374f4cf) Importer(815301076,1909f56bfc062723c751e8b465ee728b)  -> (artifact id: '003d1c41a5617386a812011d7109b180') in 0.057009 seconds 
========================================================================
Received Import Request.
  Time since last request: 1.112709 seconds.
  path: Assets/_BasicFaceFilter/Prefabs/Face_Reference_Mesh.prefab
  artifactKey: Guid(bc8e54b1d62bd2f499826cdfa9d5d708) Importer(815301076,1909f56bfc062723c751e8b465ee728b)
Start importing Assets/_BasicFaceFilter/Prefabs/Face_Reference_Mesh.prefab using Guid(bc8e54b1d62bd2f499826cdfa9d5d708) Importer(815301076,1909f56bfc062723c751e8b465ee728b)  -> (artifact id: '939b0e6049f650d9b4dff382b4c159ab') in 0.039368 seconds 
========================================================================
Received Import Request.
  Time since last request: 0.000029 seconds.
  path: Assets/_BasicFaceFilter/Prefabs/Props_CrazyEyes.prefab
  artifactKey: Guid(e1ecc5d8ad4385a4688bbf80596ee6f4) Importer(815301076,1909f56bfc062723c751e8b465ee728b)
Start importing Assets/_BasicFaceFilter/Prefabs/Props_CrazyEyes.prefab using Guid(e1ecc5d8ad4385a4688bbf80596ee6f4) Importer(815301076,1909f56bfc062723c751e8b465ee728b)  -> (artifact id: 'cb7ce176bedb5b652f01785f4559574b') in 0.065219 seconds 
========================================================================
Received Import Request.
  Time since last request: 0.008141 seconds.
  path: Assets/_BasicFaceFilter/Prefabs/Props_Moustache.prefab
  artifactKey: Guid(c19af72d0001ce34c82ba1c7a3f5cea4) Importer(815301076,1909f56bfc062723c751e8b465ee728b)
Start importing Assets/_BasicFaceFilter/Prefabs/Props_Moustache.prefab using Guid(c19af72d0001ce34c82ba1c7a3f5cea4) Importer(815301076,1909f56bfc062723c751e8b465ee728b)  -> (artifact id: '621cb72ad91a61b078938cc9c49c1d1f') in 0.394661 seconds 
========================================================================
Received Import Request.
  Time since last request: 0.541992 seconds.
  path: Assets/_BasicFaceFilter/Textures/canonical_face_texture.png
  artifactKey: Guid(4dd1f97dbb23dfc488dc77a09c7e4803) Importer(815301076,1909f56bfc062723c751e8b465ee728b)
Start importing Assets/_BasicFaceFilter/Textures/canonical_face_texture.png using Guid(4dd1f97dbb23dfc488dc77a09c7e4803) Importer(815301076,1909f56bfc062723c751e8b465ee728b)  -> (artifact id: '2fca322c06f42983c7b39ef8f9cb84b9') in 0.071269 seconds 
========================================================================
Received Import Request.
  Time since last request: 0.000076 seconds.
  path: Assets/_BasicFaceFilter/Textures/raindrop_particle.png
  artifactKey: Guid(b9b8fb2bba7b6a04388b332760fed652) Importer(815301076,1909f56bfc062723c751e8b465ee728b)
Start importing Assets/_BasicFaceFilter/Textures/raindrop_particle.png using Guid(b9b8fb2bba7b6a04388b332760fed652) Importer(815301076,1909f56bfc062723c751e8b465ee728b)  -> (artifact id: 'd9567d1d39b8689751c76311bc86c2f0') in 0.019929 seconds 
========================================================================
Received Import Request.
  Time since last request: 0.000077 seconds.
  path: Assets/_BasicFaceFilter/Textures/Flame1Flipbook_16x5.tga
  artifactKey: Guid(bbeeed99be399034c8546efc7fe4f328) Importer(815301076,1909f56bfc062723c751e8b465ee728b)
Start importing Assets/_BasicFaceFilter/Textures/Flame1Flipbook_16x5.tga using Guid(bbeeed99be399034c8546efc7fe4f328) Importer(815301076,1909f56bfc062723c751e8b465ee728b)  -> (artifact id: '06ade9b4b0fa1516b8a26ff59078115a') in 0.029340 seconds 
========================================================================
Received Import Request.
  Time since last request: 0.000028 seconds.
  path: Assets/_BasicFaceFilter/Textures/PropsMaterial_Base_color.png
  artifactKey: Guid(f1aa3fcb5551b0142ae8f3fdf8c48125) Importer(815301076,1909f56bfc062723c751e8b465ee728b)
Start importing Assets/_BasicFaceFilter/Textures/PropsMaterial_Base_color.png using Guid(f1aa3fcb5551b0142ae8f3fdf8c48125) Importer(815301076,1909f56bfc062723c751e8b465ee728b)  -> (artifact id: '3349a080f33a3b9674ac8923b9cb9ff3') in 0.024986 seconds 
========================================================================
Received Import Request.
  Time since last request: 0.000021 seconds.
  path: Assets/_BasicFaceFilter/Textures/PropsMaterial_Roughness.png
  artifactKey: Guid(fa6616e09a3dab94396816f6274d1d0f) Importer(815301076,1909f56bfc062723c751e8b465ee728b)
Start importing Assets/_BasicFaceFilter/Textures/PropsMaterial_Roughness.png using Guid(fa6616e09a3dab94396816f6274d1d0f) Importer(815301076,1909f56bfc062723c751e8b465ee728b)  -> (artifact id: 'f70ffd41168eb7cabc91ea82ee5b47fc') in 0.024498 seconds 
========================================================================
Received Import Request.
  Time since last request: 0.000026 seconds.
  path: Assets/_BasicFaceFilter/Textures/PropsMaterial_Height.png
  artifactKey: Guid(e9e52fac935a7dc48a27ab6484843012) Importer(815301076,1909f56bfc062723c751e8b465ee728b)
Start importing Assets/_BasicFaceFilter/Textures/PropsMaterial_Height.png using Guid(e9e52fac935a7dc48a27ab6484843012) Importer(815301076,1909f56bfc062723c751e8b465ee728b)  -> (artifact id: '419784343ccc9ba2a8563a823b1555a4') in 0.023904 seconds 
========================================================================
Received Import Request.
  Time since last request: 0.000034 seconds.
  path: Assets/_BasicFaceFilter/Textures/FaceTexture_MakeUpWings.png
  artifactKey: Guid(6de0d6871d96b41489c0b8c2b00dfc27) Importer(815301076,1909f56bfc062723c751e8b465ee728b)
Start importing Assets/_BasicFaceFilter/Textures/FaceTexture_MakeUpWings.png using Guid(6de0d6871d96b41489c0b8c2b00dfc27) Importer(815301076,1909f56bfc062723c751e8b465ee728b)  -> (artifact id: '9a49ea97afa1bb6e86cc528a86f9e075') in 0.255625 seconds 
========================================================================
Received Import Request.
  Time since last request: 0.000028 seconds.
  path: Assets/_BasicFaceFilter/Textures/PropsMaterial_Metallic.png
  artifactKey: Guid(86c9b1ce0ba5ef34cb7155ae617a0726) Importer(815301076,1909f56bfc062723c751e8b465ee728b)
Start importing Assets/_BasicFaceFilter/Textures/PropsMaterial_Metallic.png using Guid(86c9b1ce0ba5ef34cb7155ae617a0726) Importer(815301076,1909f56bfc062723c751e8b465ee728b)  -> (artifact id: '7abc766bb57de146f22bad3fe9fb11fc') in 0.024692 seconds 
Editor requested this worker to shutdown with reason: Scaling down because of idle timeout
AssetImportWorker is now disconnected from the server
Process exiting
Exiting without the bug reporter. Application will terminate with return code 0